INFO:root:Cleaned categorical: _STATE
INFO:root:Cleaned categorical: FMONTH
INFO:root:Cleaned categorical: IDATE
INFO:root:Cleaned categorical: IMONTH
INFO:root:Cleaned categorical: IDAY
INFO:root:Cleaned categorical: IYEAR
INFO:root:Cleaned categorical: DISPCODE
INFO:root:Cleaned categorical: SEQNO
INFO:root:Cleaned categorical: _PSU
INFO:root:Cleaned categorical: CTELENM1
INFO:root:Cleaned categorical: PVTRESD1
INFO:root:Cleaned categorical: COLGHOUS
INFO:root:Cleaned categorical: STATERE1
INFO:root:Cleaned categorical: CELPHON1
INFO:root:Cleaned categorical: LADULT1
INFO:root:Cleaned categorical: NUMADULT
INFO:root:Cleaned categorical: RESPSLC1
INFO:root:Cleaned categorical: LANDSEX2
INFO:root:Cleaned categorical: SAFETIME
INFO:root:Cleaned categorical: CTELNUM1
INFO:root:Cleaned categorical: CELLFON5
INFO:root:Cleaned categorical: CADULT1
INFO:root:Cleaned categorical: CELLSEX2
INFO:root:Cleaned categorical: PVTRESD3
INFO:root:Cleaned categorical: CCLGHOUS
INFO:root:Cleaned categorical: CSTATE1
INFO:root:Cleaned categorical: LANDLINE
INFO:root:Cleaned categorical: HHADULT
INFO:root:Cleaned categorical: SEXVAR
INFO:root:Cleaned categorical: GENHLTH
INFO:root:Cleaned categorical: PHYSHLTH
INFO:root:Cleaned categorical: MENTHLTH
INFO:root:Cleaned categorical: POORHLTH
INFO:root:Cleaned categorical: PRIMINS1
INFO:root:Cleaned categorical: PERSDOC3
INFO:root:Cleaned categorical: MEDCOST1
INFO:root:Cleaned categorical: CHECKUP1
INFO:root:Cleaned categorical: EXERANY2
INFO:root:Cleaned categorical: EXRACT12
INFO:root:Cleaned categorical: EXEROFT1
INFO:root:Cleaned categorical: EXERHMM1
INFO:root:Cleaned categorical: EXRACT22
INFO:root:Cleaned categorical: EXEROFT2
INFO:root:Cleaned categorical: EXERHMM2
INFO:root:Cleaned categorical: STRENGTH
INFO:root:Cleaned categorical: BPHIGH6
INFO:root:Cleaned categorical: BPMEDS1
INFO:root:Cleaned categorical: CHOLCHK3
INFO:root:Cleaned categorical: TOLDHI3
INFO:root:Cleaned categorical: CHOLMED3
INFO:root:Cleaned categorical: CVDINFR4
INFO:root:Cleaned categorical: CVDCRHD4
INFO:root:Cleaned categorical: CVDSTRK3
INFO:root:Cleaned categorical: ASTHMA3
INFO:root:Cleaned categorical: ASTHNOW
INFO:root:Cleaned categorical: CHCSCNC1
INFO:root:Cleaned categorical: CHCOCNC1
INFO:root:Cleaned categorical: CHCCOPD3
INFO:root:Cleaned categorical: ADDEPEV3
INFO:root:Cleaned categorical: CHCKDNY2
INFO:root:Cleaned categorical: HAVARTH4
INFO:root:Cleaned categorical: DIABETE4
INFO:root:Cleaned categorical: DIABAGE4
INFO:root:Cleaned categorical: MARITAL
INFO:root:Cleaned categorical: EDUCA
INFO:root:Cleaned categorical: RENTHOM1
INFO:root:Cleaned categorical: NUMHHOL4
INFO:root:Cleaned categorical: NUMPHON4
INFO:root:Cleaned categorical: CPDEMO1C
INFO:root:Cleaned categorical: VETERAN3
INFO:root:Cleaned categorical: EMPLOY1
INFO:root:Cleaned categorical: CHILDREN
INFO:root:Cleaned categorical: INCOME3
INFO:root:Cleaned categorical: PREGNANT
INFO:root:Cleaned categorical: WEIGHT2
INFO:root:Cleaned categorical: HEIGHT3
INFO:root:Cleaned categorical: DEAF
INFO:root:Cleaned categorical: BLIND
INFO:root:Cleaned categorical: DECIDE
INFO:root:Cleaned categorical: DIFFWALK
INFO:root:Cleaned categorical: DIFFDRES
INFO:root:Cleaned categorical: DIFFALON
INFO:root:Cleaned categorical: FALL12MN
INFO:root:Cleaned categorical: FALLINJ5
INFO:root:Cleaned categorical: SMOKE100
INFO:root:Cleaned categorical: SMOKDAY2
INFO:root:Cleaned categorical: USENOW3
INFO:root:Cleaned categorical: ECIGNOW2
INFO:root:Cleaned categorical: ALCDAY4
INFO:root:Cleaned categorical: AVEDRNK3
INFO:root:Cleaned categorical: DRNK3GE5
INFO:root:Cleaned categorical: MAXDRNKS
INFO:root:Cleaned categorical: FLUSHOT7
INFO:root:Cleaned categorical: FLSHTMY3
INFO:root:Cleaned categorical: PNEUVAC4
INFO:root:Cleaned categorical: SHINGLE2
INFO:root:Cleaned categorical: HIVTST7
INFO:root:Cleaned categorical: HIVTSTD3
INFO:root:Cleaned categorical: SEATBELT
INFO:root:Cleaned categorical: DRNKDRI2
INFO:root:Cleaned categorical: COVIDPO1
INFO:root:Cleaned categorical: COVIDSM1
INFO:root:Cleaned categorical: COVIDACT
INFO:root:Cleaned categorical: PDIABTS1
INFO:root:Cleaned categorical: PREDIAB2
INFO:root:Cleaned categorical: DIABTYPE
INFO:root:Cleaned categorical: INSULIN1
INFO:root:Cleaned categorical: CHKHEMO3
INFO:root:Cleaned categorical: EYEEXAM1
INFO:root:Cleaned categorical: DIABEYE1
INFO:root:Cleaned categorical: DIABEDU1
INFO:root:Cleaned categorical: FEETSORE
INFO:root:Cleaned categorical: ARTHEXER
INFO:root:Cleaned categorical: ARTHEDU
INFO:root:Cleaned categorical: LMTJOIN3
INFO:root:Cleaned categorical: ARTHDIS2
INFO:root:Cleaned categorical: JOINPAI2
INFO:root:Cleaned categorical: LCSFIRST
INFO:root:Cleaned categorical: LCSLAST
INFO:root:Cleaned categorical: LCSNUMCG
INFO:root:Cleaned categorical: LCSCTSC1
INFO:root:Cleaned categorical: LCSSCNCR
INFO:root:Cleaned categorical: LCSCTWHN
INFO:root:Cleaned categorical: HADMAM
INFO:root:Cleaned categorical: HOWLONG
INFO:root:Cleaned categorical: CERVSCRN
INFO:root:Cleaned categorical: CRVCLCNC
INFO:root:Cleaned categorical: CRVCLPAP
INFO:root:Cleaned categorical: CRVCLHPV
INFO:root:Cleaned categorical: HADHYST2
INFO:root:Cleaned categorical: PSATEST1
INFO:root:Cleaned categorical: PSATIME1
INFO:root:Cleaned categorical: PCPSARS2
INFO:root:Cleaned categorical: PSASUGS1
INFO:root:Cleaned categorical: PCSTALK2
INFO:root:Cleaned categorical: HADSIGM4
INFO:root:Cleaned categorical: COLNSIGM
INFO:root:Cleaned categorical: COLNTES1
INFO:root:Cleaned categorical: SIGMTES1
INFO:root:Cleaned categorical: LASTSIG4
INFO:root:Cleaned categorical: COLNCNCR
INFO:root:Cleaned categorical: VIRCOLO1
INFO:root:Cleaned categorical: VCLNTES2
INFO:root:Cleaned categorical: SMALSTOL
INFO:root:Cleaned categorical: STOLTEST
INFO:root:Cleaned categorical: STOOLDN2
INFO:root:Cleaned categorical: BLDSTFIT
INFO:root:Cleaned categorical: SDNATES1
INFO:root:Cleaned categorical: CNCRDIFF
INFO:root:Cleaned categorical: CNCRAGE
INFO:root:Cleaned categorical: CNCRTYP2
INFO:root:Cleaned categorical: CSRVTRT3
INFO:root:Cleaned categorical: CSRVDOC1
INFO:root:Cleaned categorical: CSRVSUM
INFO:root:Cleaned categorical: CSRVRTRN
INFO:root:Cleaned categorical: CSRVINST
INFO:root:Cleaned categorical: CSRVINSR
INFO:root:Cleaned categorical: CSRVDEIN
INFO:root:Cleaned categorical: CSRVCLIN
INFO:root:Cleaned categorical: CSRVPAIN
INFO:root:Cleaned categorical: CSRVCTL2
INFO:root:Cleaned categorical: INDORTAN
INFO:root:Cleaned categorical: NUMBURN3
INFO:root:Cleaned categorical: SUNPRTCT
INFO:root:Cleaned categorical: WKDAYOUT
INFO:root:Cleaned categorical: WKENDOUT
INFO:root:Cleaned categorical: CIMEMLO1
INFO:root:Cleaned categorical: CDWORRY
INFO:root:Cleaned categorical: CDDISCU1
INFO:root:Cleaned categorical: CDHOUS1
INFO:root:Cleaned categorical: CDSOCIA1
INFO:root:Cleaned categorical: CAREGIV1
INFO:root:Cleaned categorical: CRGVREL4
INFO:root:Cleaned categorical: CRGVLNG1
INFO:root:Cleaned categorical: CRGVHRS1
INFO:root:Cleaned categorical: CRGVPRB3
INFO:root:Cleaned categorical: CRGVALZD
INFO:root:Cleaned categorical: CRGVPER1
INFO:root:Cleaned categorical: CRGVHOU1
INFO:root:Cleaned categorical: CRGVEXPT
INFO:root:Cleaned categorical: LASTSMK2
INFO:root:Cleaned categorical: STOPSMK2
INFO:root:Cleaned categorical: MENTCIGS
INFO:root:Cleaned categorical: MENTECIG
INFO:root:Cleaned categorical: HEATTBCO
INFO:root:Cleaned categorical: FIREARM5
INFO:root:Cleaned categorical: GUNLOAD
INFO:root:Cleaned categorical: LOADULK2
INFO:root:Cleaned categorical: HASYMP1
INFO:root:Cleaned categorical: HASYMP2
INFO:root:Cleaned categorical: HASYMP3
INFO:root:Cleaned categorical: HASYMP4
INFO:root:Cleaned categorical: HASYMP5
INFO:root:Cleaned categorical: HASYMP6
INFO:root:Cleaned categorical: STRSYMP1
INFO:root:Cleaned categorical: STRSYMP2
INFO:root:Cleaned categorical: STRSYMP3
INFO:root:Cleaned categorical: STRSYMP4
INFO:root:Cleaned categorical: STRSYMP5
INFO:root:Cleaned categorical: STRSYMP6
INFO:root:Cleaned categorical: FIRSTAID
INFO:root:Cleaned categorical: ASPIRIN
INFO:root:Cleaned categorical: SOMALE
INFO:root:Cleaned categorical: SOFEMALE
INFO:root:Cleaned categorical: MARIJAN1
INFO:root:Cleaned categorical: MARJSMOK
INFO:root:Cleaned categorical: MARJEAT
INFO:root:Cleaned categorical: MARJVAPE
INFO:root:Cleaned categorical: MARJDAB
INFO:root:Cleaned categorical: MARJOTHR
INFO:root:Cleaned categorical: ACEDEPRS
INFO:root:Cleaned categorical: ACEDRINK
INFO:root:Cleaned categorical: ACEDRUGS
INFO:root:Cleaned categorical: ACEPRISN
INFO:root:Cleaned categorical: ACEDIVRC
INFO:root:Cleaned categorical: ACEPUNCH
INFO:root:Cleaned categorical: ACEHURT1
INFO:root:Cleaned categorical: ACESWEAR
INFO:root:Cleaned categorical: ACETOUCH
INFO:root:Cleaned categorical: ACETTHEM
INFO:root:Cleaned categorical: ACEHVSEX
INFO:root:Cleaned categorical: ACEADSAF
INFO:root:Cleaned categorical: ACEADNED
INFO:root:Cleaned categorical: IMFVPLA4
INFO:root:Cleaned categorical: HPVADVC4
INFO:root:Cleaned categorical: HPVADSHT
INFO:root:Cleaned categorical: TETANUS1
INFO:root:Cleaned categorical: COVIDVA1
INFO:root:Cleaned categorical: COVACGE1
INFO:root:Cleaned categorical: COVIDNU2
INFO:root:Cleaned categorical: LSATISFY
INFO:root:Cleaned categorical: EMTSUPRT
INFO:root:Cleaned categorical: SDLONELY
INFO:root:Cleaned categorical: SDHEMPLY
INFO:root:Cleaned categorical: FOODSTMP
INFO:root:Cleaned categorical: SDHFOOD1
INFO:root:Cleaned categorical: SDHBILLS
INFO:root:Cleaned categorical: SDHUTILS
INFO:root:Cleaned categorical: SDHTRNSP
INFO:root:Cleaned categorical: SDHSTRE1
INFO:root:Cleaned categorical: RRCLASS3
INFO:root:Cleaned categorical: RRCOGNT2
INFO:root:Cleaned categorical: RRTREAT
INFO:root:Cleaned categorical: RRATWRK2
INFO:root:Cleaned categorical: RRHCARE4
INFO:root:Cleaned categorical: RRPHYSM2
INFO:root:Cleaned categorical: RCSRLTN2
INFO:root:Cleaned categorical: CASTHDX2
INFO:root:Cleaned categorical: CASTHNO2
INFO:root:Cleaned categorical: QSTVER
INFO:root:Cleaned categorical: QSTLANG
INFO:root:Cleaned categorical: _METSTAT
INFO:root:Cleaned categorical: _URBSTAT
INFO:root:Cleaned categorical: MSCODE
INFO:root:Cleaned categorical: _STSTR
INFO:root:Cleaned categorical: _STRWT
INFO:root:Cleaned categorical: _RAWRAKE
INFO:root:Cleaned categorical: _WT2RAKE
INFO:root:Cleaned categorical: _IMPRACE
INFO:root:Cleaned categorical: _CHISPNC
INFO:root:Cleaned categorical: _CRACE1
INFO:root:Cleaned categorical: CAGEG
INFO:root:Cleaned categorical: _CLLCPWT
INFO:root:Cleaned categorical: _DUALUSE
INFO:root:Cleaned categorical: _DUALCOR
INFO:root:Cleaned categorical: _LLCPWT2
INFO:root:Cleaned categorical: _LLCPWT
INFO:root:Cleaned categorical: _RFHLTH
INFO:root:Cleaned categorical: _PHYS14D
INFO:root:Cleaned categorical: _MENT14D
INFO:root:Cleaned categorical: _HLTHPL1
INFO:root:Cleaned categorical: _HCVU653
INFO:root:Cleaned categorical: _TOTINDA
INFO:root:Cleaned categorical: METVL12_
INFO:root:Cleaned categorical: METVL22_
INFO:root:Cleaned categorical: MAXVO21_
INFO:root:Cleaned categorical: FC601_
INFO:root:Cleaned categorical: ACTIN13_
INFO:root:Cleaned categorical: ACTIN23_
INFO:root:Cleaned categorical: PADUR1_
INFO:root:Cleaned categorical: PADUR2_
INFO:root:Cleaned categorical: PAFREQ1_
INFO:root:Cleaned categorical: PAFREQ2_
INFO:root:Cleaned categorical: _MINAC12
INFO:root:Cleaned categorical: _MINAC22
INFO:root:Cleaned categorical: STRFREQ_
INFO:root:Cleaned categorical: PAMISS3_
INFO:root:Cleaned categorical: PAMIN13_
INFO:root:Cleaned categorical: PAMIN23_
INFO:root:Cleaned categorical: PA3MIN_
INFO:root:Cleaned categorical: PAVIG13_
INFO:root:Cleaned categorical: PAVIG23_
INFO:root:Cleaned categorical: PA3VIGM_
INFO:root:Cleaned categorical: _PACAT3
INFO:root:Cleaned categorical: _PAINDX3
INFO:root:Cleaned categorical: _PA150R4
INFO:root:Cleaned categorical: _PA300R4
INFO:root:Cleaned categorical: _PA30023
INFO:root:Cleaned categorical: _PASTRNG
INFO:root:Cleaned categorical: _PAREC3
INFO:root:Cleaned categorical: _PASTAE3
INFO:root:Cleaned categorical: _RFHYPE6
INFO:root:Cleaned categorical: _CHOLCH3
INFO:root:Cleaned categorical: _RFCHOL3
INFO:root:Cleaned categorical: _MICHD
INFO:root:Cleaned categorical: _LTASTH1
INFO:root:Cleaned categorical: _CASTHM1
INFO:root:Cleaned categorical: _ASTHMS1
INFO:root:Cleaned categorical: _DRDXAR2
INFO:root:Cleaned categorical: _MRACE1
INFO:root:Cleaned categorical: _HISPANC
INFO:root:Cleaned categorical: _RACE
INFO:root:Cleaned categorical: _RACEG21
INFO:root:Cleaned categorical: _RACEGR3
INFO:root:Cleaned categorical: _RACEPRV
INFO:root:Cleaned categorical: _SEX
INFO:root:Cleaned categorical: _AGEG5YR
INFO:root:Cleaned categorical: _AGE65YR
INFO:root:Cleaned categorical: _AGE80
INFO:root:Cleaned categorical: _AGE_G
INFO:root:Cleaned categorical: HTIN4
INFO:root:Cleaned categorical: HTM4
INFO:root:Cleaned categorical: WTKG3
INFO:root:Cleaned categorical: _BMI5
INFO:root:Cleaned categorical: _BMI5CAT
INFO:root:Cleaned categorical: _RFBMI5
INFO:root:Cleaned categorical: _CHLDCNT
INFO:root:Cleaned categorical: _EDUCAG
INFO:root:Cleaned categorical: _INCOMG1
INFO:root:Cleaned categorical: _SMOKER3
INFO:root:Cleaned categorical: _RFSMOK3
INFO:root:Cleaned categorical: _CURECI2
INFO:root:Cleaned categorical: DRNKANY6
INFO:root:Cleaned categorical: DROCDY4_
INFO:root:Cleaned categorical: _RFBING6
INFO:root:Cleaned categorical: _DRNKWK2
INFO:root:Cleaned categorical: _RFDRHV8
INFO:root:Cleaned categorical: _FLSHOT7
INFO:root:Cleaned categorical: _PNEUMO3
INFO:root:Cleaned categorical: _AIDTST4
INFO:root:Cleaned categorical: _RFSEAT2
INFO:root:Cleaned categorical: _RFSEAT3
INFO:root:Cleaned categorical: _DRNKDRV
INFO:root:Cleaned boolean: EXERANY2
INFO:root:Cleaned boolean: BPMEDS1
INFO:root:Cleaned boolean: SMOKE100
INFO:root:Cleaned boolean: COVIDPO1
INFO:root:Cleaned numerical: PHYSHLTH
INFO:root:Cleaned numerical: MENTHLTH
INFO:root:Cleaned numerical: POORHLTH
INFO:root:Cleaned numerical: DIABAGE4
INFO:root:Cleaned numerical: JOINPAI2
INFO:root:Cleaned numerical: LCSFIRST
INFO:root:Cleaned numerical: LCSLAST
INFO:root:Cleaned numerical: LCSNUMCG
INFO:root:Cleaned numerical: MARIJAN1
INFO:root:Constructed INTERVIEW_DATE
INFO:root:Saved cleaned data to data/LLCP2023_cleaned.csv
INFO:root:Cleaned categorical: _STATE
INFO:root:Cleaned categorical: FMONTH
INFO:root:Cleaned categorical: IDATE
INFO:root:Cleaned categorical: IMONTH
INFO:root:Cleaned categorical: IDAY
INFO:root:Cleaned categorical: IYEAR
INFO:root:Cleaned categorical: DISPCODE
INFO:root:Cleaned categorical: SEQNO
INFO:root:Cleaned categorical: _PSU
INFO:root:Cleaned categorical: CTELENM1
INFO:root:Cleaned categorical: PVTRESD1
INFO:root:Cleaned categorical: COLGHOUS
INFO:root:Cleaned categorical: STATERE1
INFO:root:Cleaned categorical: CELPHON1
INFO:root:Cleaned categorical: LADULT1
INFO:root:Cleaned categorical: NUMADULT
INFO:root:Cleaned categorical: RESPSLC1
INFO:root:Cleaned categorical: LANDSEX2
INFO:root:Cleaned categorical: SAFETIME
INFO:root:Cleaned categorical: CTELNUM1
INFO:root:Cleaned categorical: CELLFON5
INFO:root:Cleaned categorical: CADULT1
INFO:root:Cleaned categorical: CELLSEX2
INFO:root:Cleaned categorical: PVTRESD3
INFO:root:Cleaned categorical: CCLGHOUS
INFO:root:Cleaned categorical: CSTATE1
INFO:root:Cleaned categorical: LANDLINE
INFO:root:Cleaned categorical: HHADULT
INFO:root:Cleaned categorical: SEXVAR
INFO:root:Cleaned categorical: GENHLTH
INFO:root:Cleaned categorical: PHYSHLTH
INFO:root:Cleaned categorical: MENTHLTH
INFO:root:Cleaned categorical: POORHLTH
INFO:root:Cleaned categorical: PRIMINS1
INFO:root:Cleaned categorical: PERSDOC3
INFO:root:Cleaned categorical: MEDCOST1
INFO:root:Cleaned categorical: CHECKUP1
INFO:root:Cleaned categorical: EXERANY2
INFO:root:Cleaned categorical: EXRACT12
INFO:root:Cleaned categorical: EXEROFT1
INFO:root:Cleaned categorical: EXERHMM1
INFO:root:Cleaned categorical: EXRACT22
INFO:root:Cleaned categorical: EXEROFT2
INFO:root:Cleaned categorical: EXERHMM2
INFO:root:Cleaned categorical: STRENGTH
INFO:root:Cleaned categorical: BPHIGH6
INFO:root:Cleaned categorical: BPMEDS1
INFO:root:Cleaned categorical: CHOLCHK3
INFO:root:Cleaned categorical: TOLDHI3
INFO:root:Cleaned categorical: CHOLMED3
INFO:root:Cleaned categorical: CVDINFR4
INFO:root:Cleaned categorical: CVDCRHD4
INFO:root:Cleaned categorical: CVDSTRK3
INFO:root:Cleaned categorical: ASTHMA3
INFO:root:Cleaned categorical: ASTHNOW
INFO:root:Cleaned categorical: CHCSCNC1
INFO:root:Cleaned categorical: CHCOCNC1
INFO:root:Cleaned categorical: CHCCOPD3
INFO:root:Cleaned categorical: ADDEPEV3
INFO:root:Cleaned categorical: CHCKDNY2
INFO:root:Cleaned categorical: HAVARTH4
INFO:root:Cleaned categorical: DIABETE4
INFO:root:Cleaned categorical: DIABAGE4
INFO:root:Cleaned categorical: MARITAL
INFO:root:Cleaned categorical: EDUCA
INFO:root:Cleaned categorical: RENTHOM1
INFO:root:Cleaned categorical: NUMHHOL4
INFO:root:Cleaned categorical: NUMPHON4
INFO:root:Cleaned categorical: CPDEMO1C
INFO:root:Cleaned categorical: VETERAN3
INFO:root:Cleaned categorical: EMPLOY1
INFO:root:Cleaned categorical: CHILDREN
INFO:root:Cleaned categorical: INCOME3
INFO:root:Cleaned categorical: PREGNANT
INFO:root:Cleaned categorical: WEIGHT2
INFO:root:Cleaned categorical: HEIGHT3
INFO:root:Cleaned categorical: DEAF
INFO:root:Cleaned categorical: BLIND
INFO:root:Cleaned categorical: DECIDE
INFO:root:Cleaned categorical: DIFFWALK
INFO:root:Cleaned categorical: DIFFDRES
INFO:root:Cleaned categorical: DIFFALON
INFO:root:Cleaned categorical: FALL12MN
INFO:root:Cleaned categorical: FALLINJ5
INFO:root:Cleaned categorical: SMOKE100
INFO:root:Cleaned categorical: SMOKDAY2
INFO:root:Cleaned categorical: USENOW3
INFO:root:Cleaned categorical: ECIGNOW2
INFO:root:Cleaned categorical: ALCDAY4
INFO:root:Cleaned categorical: AVEDRNK3
INFO:root:Cleaned categorical: DRNK3GE5
INFO:root:Cleaned categorical: MAXDRNKS
INFO:root:Cleaned categorical: FLUSHOT7
INFO:root:Cleaned categorical: FLSHTMY3
INFO:root:Cleaned categorical: PNEUVAC4
INFO:root:Cleaned categorical: SHINGLE2
INFO:root:Cleaned categorical: HIVTST7
INFO:root:Cleaned categorical: HIVTSTD3
INFO:root:Cleaned categorical: SEATBELT
INFO:root:Cleaned categorical: DRNKDRI2
INFO:root:Cleaned categorical: COVIDPO1
INFO:root:Cleaned categorical: COVIDSM1
INFO:root:Cleaned categorical: COVIDACT
INFO:root:Cleaned categorical: PDIABTS1
INFO:root:Cleaned categorical: PREDIAB2
INFO:root:Cleaned categorical: DIABTYPE
INFO:root:Cleaned categorical: INSULIN1
INFO:root:Cleaned categorical: CHKHEMO3
INFO:root:Cleaned categorical: EYEEXAM1
INFO:root:Cleaned categorical: DIABEYE1
INFO:root:Cleaned categorical: DIABEDU1
INFO:root:Cleaned categorical: FEETSORE
INFO:root:Cleaned categorical: ARTHEXER
INFO:root:Cleaned categorical: ARTHEDU
INFO:root:Cleaned categorical: LMTJOIN3
INFO:root:Cleaned categorical: ARTHDIS2
INFO:root:Cleaned categorical: JOINPAI2
INFO:root:Cleaned categorical: LCSFIRST
INFO:root:Cleaned categorical: LCSLAST
INFO:root:Cleaned categorical: LCSNUMCG
INFO:root:Cleaned categorical: LCSCTSC1
INFO:root:Cleaned categorical: LCSSCNCR
INFO:root:Cleaned categorical: LCSCTWHN
INFO:root:Cleaned categorical: HADMAM
INFO:root:Cleaned categorical: HOWLONG
INFO:root:Cleaned categorical: CERVSCRN
INFO:root:Cleaned categorical: CRVCLCNC
INFO:root:Cleaned categorical: CRVCLPAP
INFO:root:Cleaned categorical: CRVCLHPV
INFO:root:Cleaned categorical: HADHYST2
INFO:root:Cleaned categorical: PSATEST1
INFO:root:Cleaned categorical: PSATIME1
INFO:root:Cleaned categorical: PCPSARS2
INFO:root:Cleaned categorical: PSASUGS1
INFO:root:Cleaned categorical: PCSTALK2
INFO:root:Cleaned categorical: HADSIGM4
INFO:root:Cleaned categorical: COLNSIGM
INFO:root:Cleaned categorical: COLNTES1
INFO:root:Cleaned categorical: SIGMTES1
INFO:root:Cleaned categorical: LASTSIG4
INFO:root:Cleaned categorical: COLNCNCR
INFO:root:Cleaned categorical: VIRCOLO1
INFO:root:Cleaned categorical: VCLNTES2
INFO:root:Cleaned categorical: SMALSTOL
INFO:root:Cleaned categorical: STOLTEST
INFO:root:Cleaned categorical: STOOLDN2
INFO:root:Cleaned categorical: BLDSTFIT
INFO:root:Cleaned categorical: SDNATES1
INFO:root:Cleaned categorical: CNCRDIFF
INFO:root:Cleaned categorical: CNCRAGE
INFO:root:Cleaned categorical: CNCRTYP2
INFO:root:Cleaned categorical: CSRVTRT3
INFO:root:Cleaned categorical: CSRVDOC1
INFO:root:Cleaned categorical: CSRVSUM
INFO:root:Cleaned categorical: CSRVRTRN
INFO:root:Cleaned categorical: CSRVINST
INFO:root:Cleaned categorical: CSRVINSR
INFO:root:Cleaned categorical: CSRVDEIN
INFO:root:Cleaned categorical: CSRVCLIN
INFO:root:Cleaned categorical: CSRVPAIN
INFO:root:Cleaned categorical: CSRVCTL2
INFO:root:Cleaned categorical: INDORTAN
INFO:root:Cleaned categorical: NUMBURN3
INFO:root:Cleaned categorical: SUNPRTCT
INFO:root:Cleaned categorical: WKDAYOUT
INFO:root:Cleaned categorical: WKENDOUT
INFO:root:Cleaned categorical: CIMEMLO1
INFO:root:Cleaned categorical: CDWORRY
INFO:root:Cleaned categorical: CDDISCU1
INFO:root:Cleaned categorical: CDHOUS1
INFO:root:Cleaned categorical: CDSOCIA1
INFO:root:Cleaned categorical: CAREGIV1
INFO:root:Cleaned categorical: CRGVREL4
INFO:root:Cleaned categorical: CRGVLNG1
INFO:root:Cleaned categorical: CRGVHRS1
INFO:root:Cleaned categorical: CRGVPRB3
INFO:root:Cleaned categorical: CRGVALZD
INFO:root:Cleaned categorical: CRGVPER1
INFO:root:Cleaned categorical: CRGVHOU1
INFO:root:Cleaned categorical: CRGVEXPT
INFO:root:Cleaned categorical: LASTSMK2
INFO:root:Cleaned categorical: STOPSMK2
INFO:root:Cleaned categorical: MENTCIGS
INFO:root:Cleaned categorical: MENTECIG
INFO:root:Cleaned categorical: HEATTBCO
INFO:root:Cleaned categorical: FIREARM5
INFO:root:Cleaned categorical: GUNLOAD
INFO:root:Cleaned categorical: LOADULK2
INFO:root:Cleaned categorical: HASYMP1
INFO:root:Cleaned categorical: HASYMP2
INFO:root:Cleaned categorical: HASYMP3
INFO:root:Cleaned categorical: HASYMP4
INFO:root:Cleaned categorical: HASYMP5
INFO:root:Cleaned categorical: HASYMP6
INFO:root:Cleaned categorical: STRSYMP1
INFO:root:Cleaned categorical: STRSYMP2
INFO:root:Cleaned categorical: STRSYMP3
INFO:root:Cleaned categorical: STRSYMP4
INFO:root:Cleaned categorical: STRSYMP5
INFO:root:Cleaned categorical: STRSYMP6
INFO:root:Cleaned categorical: FIRSTAID
INFO:root:Cleaned categorical: ASPIRIN
INFO:root:Cleaned categorical: SOMALE
INFO:root:Cleaned categorical: SOFEMALE
INFO:root:Cleaned categorical: MARIJAN1
INFO:root:Cleaned categorical: MARJSMOK
INFO:root:Cleaned categorical: MARJEAT
INFO:root:Cleaned categorical: MARJVAPE
INFO:root:Cleaned categorical: MARJDAB
INFO:root:Cleaned categorical: MARJOTHR
INFO:root:Cleaned categorical: ACEDEPRS
INFO:root:Cleaned categorical: ACEDRINK
INFO:root:Cleaned categorical: ACEDRUGS
INFO:root:Cleaned categorical: ACEPRISN
INFO:root:Cleaned categorical: ACEDIVRC
INFO:root:Cleaned categorical: ACEPUNCH
INFO:root:Cleaned categorical: ACEHURT1
INFO:root:Cleaned categorical: ACESWEAR
INFO:root:Cleaned categorical: ACETOUCH
INFO:root:Cleaned categorical: ACETTHEM
INFO:root:Cleaned categorical: ACEHVSEX
INFO:root:Cleaned categorical: ACEADSAF
INFO:root:Cleaned categorical: ACEADNED
INFO:root:Cleaned categorical: IMFVPLA4
INFO:root:Cleaned categorical: HPVADVC4
INFO:root:Cleaned categorical: HPVADSHT
INFO:root:Cleaned categorical: TETANUS1
INFO:root:Cleaned categorical: COVIDVA1
INFO:root:Cleaned categorical: COVACGE1
INFO:root:Cleaned categorical: COVIDNU2
INFO:root:Cleaned categorical: LSATISFY
INFO:root:Cleaned categorical: EMTSUPRT
INFO:root:Cleaned categorical: SDLONELY
INFO:root:Cleaned categorical: SDHEMPLY
INFO:root:Cleaned categorical: FOODSTMP
INFO:root:Cleaned categorical: SDHFOOD1
INFO:root:Cleaned categorical: SDHBILLS
INFO:root:Cleaned categorical: SDHUTILS
INFO:root:Cleaned categorical: SDHTRNSP
INFO:root:Cleaned categorical: SDHSTRE1
INFO:root:Cleaned categorical: RRCLASS3
INFO:root:Cleaned categorical: RRCOGNT2
INFO:root:Cleaned categorical: RRTREAT
INFO:root:Cleaned categorical: RRATWRK2
INFO:root:Cleaned categorical: RRHCARE4
INFO:root:Cleaned categorical: RRPHYSM2
INFO:root:Cleaned categorical: RCSRLTN2
INFO:root:Cleaned categorical: CASTHDX2
INFO:root:Cleaned categorical: CASTHNO2
INFO:root:Cleaned categorical: QSTVER
INFO:root:Cleaned categorical: QSTLANG
INFO:root:Cleaned categorical: _METSTAT
INFO:root:Cleaned categorical: _URBSTAT
INFO:root:Cleaned categorical: MSCODE
INFO:root:Cleaned categorical: _STSTR
INFO:root:Cleaned categorical: _STRWT
INFO:root:Cleaned categorical: _RAWRAKE
INFO:root:Cleaned categorical: _WT2RAKE
INFO:root:Cleaned categorical: _IMPRACE
INFO:root:Cleaned categorical: _CHISPNC
INFO:root:Cleaned categorical: _CRACE1
INFO:root:Cleaned categorical: CAGEG
INFO:root:Cleaned categorical: _CLLCPWT
INFO:root:Cleaned categorical: _DUALUSE
INFO:root:Cleaned categorical: _DUALCOR
INFO:root:Cleaned categorical: _LLCPWT2
INFO:root:Cleaned categorical: _LLCPWT
INFO:root:Cleaned categorical: _RFHLTH
INFO:root:Cleaned categorical: _PHYS14D
INFO:root:Cleaned categorical: _MENT14D
INFO:root:Cleaned categorical: _HLTHPL1
INFO:root:Cleaned categorical: _HCVU653
INFO:root:Cleaned categorical: _TOTINDA
INFO:root:Cleaned categorical: METVL12_
INFO:root:Cleaned categorical: METVL22_
INFO:root:Cleaned categorical: MAXVO21_
INFO:root:Cleaned categorical: FC601_
INFO:root:Cleaned categorical: ACTIN13_
INFO:root:Cleaned categorical: ACTIN23_
INFO:root:Cleaned categorical: PADUR1_
INFO:root:Cleaned categorical: PADUR2_
INFO:root:Cleaned categorical: PAFREQ1_
INFO:root:Cleaned categorical: PAFREQ2_
INFO:root:Cleaned categorical: _MINAC12
INFO:root:Cleaned categorical: _MINAC22
INFO:root:Cleaned categorical: STRFREQ_
INFO:root:Cleaned categorical: PAMISS3_
INFO:root:Cleaned categorical: PAMIN13_
INFO:root:Cleaned categorical: PAMIN23_
INFO:root:Cleaned categorical: PA3MIN_
INFO:root:Cleaned categorical: PAVIG13_
INFO:root:Cleaned categorical: PAVIG23_
INFO:root:Cleaned categorical: PA3VIGM_
INFO:root:Cleaned categorical: _PACAT3
INFO:root:Cleaned categorical: _PAINDX3
INFO:root:Cleaned categorical: _PA150R4
INFO:root:Cleaned categorical: _PA300R4
INFO:root:Cleaned categorical: _PA30023
INFO:root:Cleaned categorical: _PASTRNG
INFO:root:Cleaned categorical: _PAREC3
INFO:root:Cleaned categorical: _PASTAE3
INFO:root:Cleaned categorical: _RFHYPE6
INFO:root:Cleaned categorical: _CHOLCH3
INFO:root:Cleaned categorical: _RFCHOL3
INFO:root:Cleaned categorical: _MICHD
INFO:root:Cleaned categorical: _LTASTH1
INFO:root:Cleaned categorical: _CASTHM1
INFO:root:Cleaned categorical: _ASTHMS1
INFO:root:Cleaned categorical: _DRDXAR2
INFO:root:Cleaned categorical: _MRACE1
INFO:root:Cleaned categorical: _HISPANC
INFO:root:Cleaned categorical: _RACE
INFO:root:Cleaned categorical: _RACEG21
INFO:root:Cleaned categorical: _RACEGR3
INFO:root:Cleaned categorical: _RACEPRV
INFO:root:Cleaned categorical: _SEX
INFO:root:Cleaned categorical: _AGEG5YR
INFO:root:Cleaned categorical: _AGE65YR
INFO:root:Cleaned categorical: _AGE80
INFO:root:Cleaned categorical: _AGE_G
INFO:root:Cleaned categorical: HTIN4
INFO:root:Cleaned categorical: HTM4
INFO:root:Cleaned categorical: WTKG3
INFO:root:Cleaned categorical: _BMI5
INFO:root:Cleaned categorical: _BMI5CAT
INFO:root:Cleaned categorical: _RFBMI5
INFO:root:Cleaned categorical: _CHLDCNT
INFO:root:Cleaned categorical: _EDUCAG
INFO:root:Cleaned categorical: _INCOMG1
INFO:root:Cleaned categorical: _SMOKER3
INFO:root:Cleaned categorical: _RFSMOK3
INFO:root:Cleaned categorical: _CURECI2
INFO:root:Cleaned categorical: DRNKANY6
INFO:root:Cleaned categorical: DROCDY4_
INFO:root:Cleaned categorical: _RFBING6
INFO:root:Cleaned categorical: _DRNKWK2
INFO:root:Cleaned categorical: _RFDRHV8
INFO:root:Cleaned categorical: _FLSHOT7
INFO:root:Cleaned categorical: _PNEUMO3
INFO:root:Cleaned categorical: _AIDTST4
INFO:root:Cleaned categorical: _RFSEAT2
INFO:root:Cleaned categorical: _RFSEAT3
INFO:root:Cleaned categorical: _DRNKDRV
INFO:root:Cleaned boolean: EXERANY2
INFO:root:Cleaned boolean: BPMEDS1
INFO:root:Cleaned boolean: SMOKE100
INFO:root:Cleaned boolean: COVIDPO1
INFO:root:Cleaned numerical: PHYSHLTH
INFO:root:Cleaned numerical: MENTHLTH
INFO:root:Cleaned numerical: POORHLTH
INFO:root:Cleaned numerical: DIABAGE4
INFO:root:Cleaned numerical: JOINPAI2
INFO:root:Cleaned numerical: LCSFIRST
INFO:root:Cleaned numerical: LCSLAST
INFO:root:Cleaned numerical: LCSNUMCG
INFO:root:Cleaned numerical: MARIJAN1
INFO:root:Constructed INTERVIEW_DATE
INFO:root:Saved cleaned data to cleaned_llcp2023.csv
INFO:root:Cleaned categorical: _STATE
INFO:root:Cleaned categorical: FMONTH
INFO:root:Cleaned categorical: IDATE
INFO:root:Cleaned categorical: IMONTH
INFO:root:Cleaned categorical: IDAY
INFO:root:Cleaned categorical: IYEAR
INFO:root:Cleaned categorical: DISPCODE
INFO:root:Cleaned categorical: SEQNO
INFO:root:Cleaned categorical: _PSU
INFO:root:Cleaned categorical: CTELENM1
INFO:root:Cleaned categorical: PVTRESD1
INFO:root:Cleaned categorical: COLGHOUS
INFO:root:Cleaned categorical: STATERE1
INFO:root:Cleaned categorical: CELPHON1
INFO:root:Cleaned categorical: LADULT1
INFO:root:Cleaned categorical: NUMADULT
INFO:root:Cleaned categorical: RESPSLC1
INFO:root:Cleaned categorical: LANDSEX2
INFO:root:Cleaned categorical: SAFETIME
INFO:root:Cleaned categorical: CTELNUM1
INFO:root:Cleaned categorical: CELLFON5
INFO:root:Cleaned categorical: CADULT1
INFO:root:Cleaned categorical: CELLSEX2
INFO:root:Cleaned categorical: PVTRESD3
INFO:root:Cleaned categorical: CCLGHOUS
INFO:root:Cleaned categorical: CSTATE1
INFO:root:Cleaned categorical: LANDLINE
INFO:root:Cleaned categorical: HHADULT
INFO:root:Cleaned categorical: SEXVAR
INFO:root:Cleaned categorical: GENHLTH
INFO:root:Cleaned categorical: PHYSHLTH
INFO:root:Cleaned categorical: MENTHLTH
INFO:root:Cleaned categorical: POORHLTH
INFO:root:Cleaned categorical: PRIMINS1
INFO:root:Cleaned categorical: PERSDOC3
INFO:root:Cleaned categorical: MEDCOST1
INFO:root:Cleaned categorical: CHECKUP1
INFO:root:Cleaned categorical: EXERANY2
INFO:root:Cleaned categorical: EXRACT12
INFO:root:Cleaned categorical: EXEROFT1
INFO:root:Cleaned categorical: EXERHMM1
INFO:root:Cleaned categorical: EXRACT22
INFO:root:Cleaned categorical: EXEROFT2
INFO:root:Cleaned categorical: EXERHMM2
INFO:root:Cleaned categorical: STRENGTH
INFO:root:Cleaned categorical: BPHIGH6
INFO:root:Cleaned categorical: BPMEDS1
INFO:root:Cleaned categorical: CHOLCHK3
INFO:root:Cleaned categorical: TOLDHI3
INFO:root:Cleaned categorical: CHOLMED3
INFO:root:Cleaned categorical: CVDINFR4
INFO:root:Cleaned categorical: CVDCRHD4
INFO:root:Cleaned categorical: CVDSTRK3
INFO:root:Cleaned categorical: ASTHMA3
INFO:root:Cleaned categorical: ASTHNOW
INFO:root:Cleaned categorical: CHCSCNC1
INFO:root:Cleaned categorical: CHCOCNC1
INFO:root:Cleaned categorical: CHCCOPD3
INFO:root:Cleaned categorical: ADDEPEV3
INFO:root:Cleaned categorical: CHCKDNY2
INFO:root:Cleaned categorical: HAVARTH4
INFO:root:Cleaned categorical: DIABETE4
INFO:root:Cleaned categorical: DIABAGE4
INFO:root:Cleaned categorical: MARITAL
INFO:root:Cleaned categorical: EDUCA
INFO:root:Cleaned categorical: RENTHOM1
INFO:root:Cleaned categorical: NUMHHOL4
INFO:root:Cleaned categorical: NUMPHON4
INFO:root:Cleaned categorical: CPDEMO1C
INFO:root:Cleaned categorical: VETERAN3
INFO:root:Cleaned categorical: EMPLOY1
INFO:root:Cleaned categorical: CHILDREN
INFO:root:Cleaned categorical: INCOME3
INFO:root:Cleaned categorical: PREGNANT
INFO:root:Cleaned categorical: WEIGHT2
INFO:root:Cleaned categorical: HEIGHT3
INFO:root:Cleaned categorical: DEAF
INFO:root:Cleaned categorical: BLIND
INFO:root:Cleaned categorical: DECIDE
INFO:root:Cleaned categorical: DIFFWALK
INFO:root:Cleaned categorical: DIFFDRES
INFO:root:Cleaned categorical: DIFFALON
INFO:root:Cleaned categorical: FALL12MN
INFO:root:Cleaned categorical: FALLINJ5
INFO:root:Cleaned categorical: SMOKE100
INFO:root:Cleaned categorical: SMOKDAY2
INFO:root:Cleaned categorical: USENOW3
INFO:root:Cleaned categorical: ECIGNOW2
INFO:root:Cleaned categorical: ALCDAY4
INFO:root:Cleaned categorical: AVEDRNK3
INFO:root:Cleaned categorical: DRNK3GE5
INFO:root:Cleaned categorical: MAXDRNKS
INFO:root:Cleaned categorical: FLUSHOT7
INFO:root:Cleaned categorical: FLSHTMY3
INFO:root:Cleaned categorical: PNEUVAC4
INFO:root:Cleaned categorical: SHINGLE2
INFO:root:Cleaned categorical: HIVTST7
INFO:root:Cleaned categorical: HIVTSTD3
INFO:root:Cleaned categorical: SEATBELT
INFO:root:Cleaned categorical: DRNKDRI2
INFO:root:Cleaned categorical: COVIDPO1
INFO:root:Cleaned categorical: COVIDSM1
INFO:root:Cleaned categorical: COVIDACT
INFO:root:Cleaned categorical: PDIABTS1
INFO:root:Cleaned categorical: PREDIAB2
INFO:root:Cleaned categorical: DIABTYPE
INFO:root:Cleaned categorical: INSULIN1
INFO:root:Cleaned categorical: CHKHEMO3
INFO:root:Cleaned categorical: EYEEXAM1
INFO:root:Cleaned categorical: DIABEYE1
INFO:root:Cleaned categorical: DIABEDU1
INFO:root:Cleaned categorical: FEETSORE
INFO:root:Cleaned categorical: ARTHEXER
INFO:root:Cleaned categorical: ARTHEDU
INFO:root:Cleaned categorical: LMTJOIN3
INFO:root:Cleaned categorical: ARTHDIS2
INFO:root:Cleaned categorical: JOINPAI2
INFO:root:Cleaned categorical: LCSFIRST
INFO:root:Cleaned categorical: LCSLAST
INFO:root:Cleaned categorical: LCSNUMCG
INFO:root:Cleaned categorical: LCSCTSC1
INFO:root:Cleaned categorical: LCSSCNCR
INFO:root:Cleaned categorical: LCSCTWHN
INFO:root:Cleaned categorical: HADMAM
INFO:root:Cleaned categorical: HOWLONG
INFO:root:Cleaned categorical: CERVSCRN
INFO:root:Cleaned categorical: CRVCLCNC
INFO:root:Cleaned categorical: CRVCLPAP
INFO:root:Cleaned categorical: CRVCLHPV
INFO:root:Cleaned categorical: HADHYST2
INFO:root:Cleaned categorical: PSATEST1
INFO:root:Cleaned categorical: PSATIME1
INFO:root:Cleaned categorical: PCPSARS2
INFO:root:Cleaned categorical: PSASUGS1
INFO:root:Cleaned categorical: PCSTALK2
INFO:root:Cleaned categorical: HADSIGM4
INFO:root:Cleaned categorical: COLNSIGM
INFO:root:Cleaned categorical: COLNTES1
INFO:root:Cleaned categorical: SIGMTES1
INFO:root:Cleaned categorical: LASTSIG4
INFO:root:Cleaned categorical: COLNCNCR
INFO:root:Cleaned categorical: VIRCOLO1
INFO:root:Cleaned categorical: VCLNTES2
INFO:root:Cleaned categorical: SMALSTOL
INFO:root:Cleaned categorical: STOLTEST
INFO:root:Cleaned categorical: STOOLDN2
INFO:root:Cleaned categorical: BLDSTFIT
INFO:root:Cleaned categorical: SDNATES1
INFO:root:Cleaned categorical: CNCRDIFF
INFO:root:Cleaned categorical: CNCRAGE
INFO:root:Cleaned categorical: CNCRTYP2
INFO:root:Cleaned categorical: CSRVTRT3
INFO:root:Cleaned categorical: CSRVDOC1
INFO:root:Cleaned categorical: CSRVSUM
INFO:root:Cleaned categorical: CSRVRTRN
INFO:root:Cleaned categorical: CSRVINST
INFO:root:Cleaned categorical: CSRVINSR
INFO:root:Cleaned categorical: CSRVDEIN
INFO:root:Cleaned categorical: CSRVCLIN
INFO:root:Cleaned categorical: CSRVPAIN
INFO:root:Cleaned categorical: CSRVCTL2
INFO:root:Cleaned categorical: INDORTAN
INFO:root:Cleaned categorical: NUMBURN3
INFO:root:Cleaned categorical: SUNPRTCT
INFO:root:Cleaned categorical: WKDAYOUT
INFO:root:Cleaned categorical: WKENDOUT
INFO:root:Cleaned categorical: CIMEMLO1
INFO:root:Cleaned categorical: CDWORRY
INFO:root:Cleaned categorical: CDDISCU1
INFO:root:Cleaned categorical: CDHOUS1
INFO:root:Cleaned categorical: CDSOCIA1
INFO:root:Cleaned categorical: CAREGIV1
INFO:root:Cleaned categorical: CRGVREL4
INFO:root:Cleaned categorical: CRGVLNG1
INFO:root:Cleaned categorical: CRGVHRS1
INFO:root:Cleaned categorical: CRGVPRB3
INFO:root:Cleaned categorical: CRGVALZD
INFO:root:Cleaned categorical: CRGVPER1
INFO:root:Cleaned categorical: CRGVHOU1
INFO:root:Cleaned categorical: CRGVEXPT
INFO:root:Cleaned categorical: LASTSMK2
INFO:root:Cleaned categorical: STOPSMK2
INFO:root:Cleaned categorical: MENTCIGS
INFO:root:Cleaned categorical: MENTECIG
INFO:root:Cleaned categorical: HEATTBCO
INFO:root:Cleaned categorical: FIREARM5
INFO:root:Cleaned categorical: GUNLOAD
INFO:root:Cleaned categorical: LOADULK2
INFO:root:Cleaned categorical: HASYMP1
INFO:root:Cleaned categorical: HASYMP2
INFO:root:Cleaned categorical: HASYMP3
INFO:root:Cleaned categorical: HASYMP4
INFO:root:Cleaned categorical: HASYMP5
INFO:root:Cleaned categorical: HASYMP6
INFO:root:Cleaned categorical: STRSYMP1
INFO:root:Cleaned categorical: STRSYMP2
INFO:root:Cleaned categorical: STRSYMP3
INFO:root:Cleaned categorical: STRSYMP4
INFO:root:Cleaned categorical: STRSYMP5
INFO:root:Cleaned categorical: STRSYMP6
INFO:root:Cleaned categorical: FIRSTAID
INFO:root:Cleaned categorical: ASPIRIN
INFO:root:Cleaned categorical: SOMALE
INFO:root:Cleaned categorical: SOFEMALE
INFO:root:Cleaned categorical: MARIJAN1
INFO:root:Cleaned categorical: MARJSMOK
INFO:root:Cleaned categorical: MARJEAT
INFO:root:Cleaned categorical: MARJVAPE
INFO:root:Cleaned categorical: MARJDAB
INFO:root:Cleaned categorical: MARJOTHR
INFO:root:Cleaned categorical: ACEDEPRS
INFO:root:Cleaned categorical: ACEDRINK
INFO:root:Cleaned categorical: ACEDRUGS
INFO:root:Cleaned categorical: ACEPRISN
INFO:root:Cleaned categorical: ACEDIVRC
INFO:root:Cleaned categorical: ACEPUNCH
INFO:root:Cleaned categorical: ACEHURT1
INFO:root:Cleaned categorical: ACESWEAR
INFO:root:Cleaned categorical: ACETOUCH
INFO:root:Cleaned categorical: ACETTHEM
INFO:root:Cleaned categorical: ACEHVSEX
INFO:root:Cleaned categorical: ACEADSAF
INFO:root:Cleaned categorical: ACEADNED
INFO:root:Cleaned categorical: IMFVPLA4
INFO:root:Cleaned categorical: HPVADVC4
INFO:root:Cleaned categorical: HPVADSHT
INFO:root:Cleaned categorical: TETANUS1
INFO:root:Cleaned categorical: COVIDVA1
INFO:root:Cleaned categorical: COVACGE1
INFO:root:Cleaned categorical: COVIDNU2
INFO:root:Cleaned categorical: LSATISFY
INFO:root:Cleaned categorical: EMTSUPRT
INFO:root:Cleaned categorical: SDLONELY
INFO:root:Cleaned categorical: SDHEMPLY
INFO:root:Cleaned categorical: FOODSTMP
INFO:root:Cleaned categorical: SDHFOOD1
INFO:root:Cleaned categorical: SDHBILLS
INFO:root:Cleaned categorical: SDHUTILS
INFO:root:Cleaned categorical: SDHTRNSP
INFO:root:Cleaned categorical: SDHSTRE1
INFO:root:Cleaned categorical: RRCLASS3
INFO:root:Cleaned categorical: RRCOGNT2
INFO:root:Cleaned categorical: RRTREAT
INFO:root:Cleaned categorical: RRATWRK2
INFO:root:Cleaned categorical: RRHCARE4
INFO:root:Cleaned categorical: RRPHYSM2
INFO:root:Cleaned categorical: RCSRLTN2
INFO:root:Cleaned categorical: CASTHDX2
INFO:root:Cleaned categorical: CASTHNO2
INFO:root:Cleaned categorical: QSTVER
INFO:root:Cleaned categorical: QSTLANG
INFO:root:Cleaned categorical: _METSTAT
INFO:root:Cleaned categorical: _URBSTAT
INFO:root:Cleaned categorical: MSCODE
INFO:root:Cleaned categorical: _STSTR
INFO:root:Cleaned categorical: _STRWT
INFO:root:Cleaned categorical: _RAWRAKE
INFO:root:Cleaned categorical: _WT2RAKE
INFO:root:Cleaned categorical: _IMPRACE
INFO:root:Cleaned categorical: _CHISPNC
INFO:root:Cleaned categorical: _CRACE1
INFO:root:Cleaned categorical: CAGEG
INFO:root:Cleaned categorical: _CLLCPWT
INFO:root:Cleaned categorical: _DUALUSE
INFO:root:Cleaned categorical: _DUALCOR
INFO:root:Cleaned categorical: _LLCPWT2
INFO:root:Cleaned categorical: _LLCPWT
INFO:root:Cleaned categorical: _RFHLTH
INFO:root:Cleaned categorical: _PHYS14D
INFO:root:Cleaned categorical: _MENT14D
INFO:root:Cleaned categorical: _HLTHPL1
INFO:root:Cleaned categorical: _HCVU653
INFO:root:Cleaned categorical: _TOTINDA
INFO:root:Cleaned categorical: METVL12_
INFO:root:Cleaned categorical: METVL22_
INFO:root:Cleaned categorical: MAXVO21_
INFO:root:Cleaned categorical: FC601_
INFO:root:Cleaned categorical: ACTIN13_
INFO:root:Cleaned categorical: ACTIN23_
INFO:root:Cleaned categorical: PADUR1_
INFO:root:Cleaned categorical: PADUR2_
INFO:root:Cleaned categorical: PAFREQ1_
INFO:root:Cleaned categorical: PAFREQ2_
INFO:root:Cleaned categorical: _MINAC12
INFO:root:Cleaned categorical: _MINAC22
INFO:root:Cleaned categorical: STRFREQ_
INFO:root:Cleaned categorical: PAMISS3_
INFO:root:Cleaned categorical: PAMIN13_
INFO:root:Cleaned categorical: PAMIN23_
INFO:root:Cleaned categorical: PA3MIN_
INFO:root:Cleaned categorical: PAVIG13_
INFO:root:Cleaned categorical: PAVIG23_
INFO:root:Cleaned categorical: PA3VIGM_
INFO:root:Cleaned categorical: _PACAT3
INFO:root:Cleaned categorical: _PAINDX3
INFO:root:Cleaned categorical: _PA150R4
INFO:root:Cleaned categorical: _PA300R4
INFO:root:Cleaned categorical: _PA30023
INFO:root:Cleaned categorical: _PASTRNG
INFO:root:Cleaned categorical: _PAREC3
INFO:root:Cleaned categorical: _PASTAE3
INFO:root:Cleaned categorical: _RFHYPE6
INFO:root:Cleaned categorical: _CHOLCH3
INFO:root:Cleaned categorical: _RFCHOL3
INFO:root:Cleaned categorical: _MICHD
INFO:root:Cleaned categorical: _LTASTH1
INFO:root:Cleaned categorical: _CASTHM1
INFO:root:Cleaned categorical: _ASTHMS1
INFO:root:Cleaned categorical: _DRDXAR2
INFO:root:Cleaned categorical: _MRACE1
INFO:root:Cleaned categorical: _HISPANC
INFO:root:Cleaned categorical: _RACE
INFO:root:Cleaned categorical: _RACEG21
INFO:root:Cleaned categorical: _RACEGR3
INFO:root:Cleaned categorical: _RACEPRV
INFO:root:Cleaned categorical: _SEX
INFO:root:Cleaned categorical: _AGEG5YR
INFO:root:Cleaned categorical: _AGE65YR
INFO:root:Cleaned categorical: _AGE80
INFO:root:Cleaned categorical: _AGE_G
INFO:root:Cleaned categorical: HTIN4
INFO:root:Cleaned categorical: HTM4
INFO:root:Cleaned categorical: WTKG3
INFO:root:Cleaned categorical: _BMI5
INFO:root:Cleaned categorical: _BMI5CAT
INFO:root:Cleaned categorical: _RFBMI5
INFO:root:Cleaned categorical: _CHLDCNT
INFO:root:Cleaned categorical: _EDUCAG
INFO:root:Cleaned categorical: _INCOMG1
INFO:root:Cleaned categorical: _SMOKER3
INFO:root:Cleaned categorical: _RFSMOK3
INFO:root:Cleaned categorical: _CURECI2
INFO:root:Cleaned categorical: DRNKANY6
INFO:root:Cleaned categorical: DROCDY4_
INFO:root:Cleaned categorical: _RFBING6
INFO:root:Cleaned categorical: _DRNKWK2
INFO:root:Cleaned categorical: _RFDRHV8
INFO:root:Cleaned categorical: _FLSHOT7
INFO:root:Cleaned categorical: _PNEUMO3
INFO:root:Cleaned categorical: _AIDTST4
INFO:root:Cleaned categorical: _RFSEAT2
INFO:root:Cleaned categorical: _RFSEAT3
INFO:root:Cleaned categorical: _DRNKDRV
INFO:root:Cleaned boolean: EXERANY2
INFO:root:Cleaned boolean: BPMEDS1
INFO:root:Cleaned boolean: SMOKE100
INFO:root:Cleaned boolean: COVIDPO1
INFO:root:Cleaned numerical: PHYSHLTH
INFO:root:Cleaned numerical: MENTHLTH
INFO:root:Cleaned numerical: POORHLTH
INFO:root:Cleaned numerical: DIABAGE4
INFO:root:Cleaned numerical: JOINPAI2
INFO:root:Cleaned numerical: LCSFIRST
INFO:root:Cleaned numerical: LCSLAST
INFO:root:Cleaned numerical: LCSNUMCG
INFO:root:Cleaned numerical: MARIJAN1
INFO:root:Constructed INTERVIEW_DATE
INFO:root:Saved cleaned data to data/cleaned_llcp2023.csv
INFO:root:Cleaned categorical: _STATE
INFO:root:Cleaned categorical: FMONTH
INFO:root:Cleaned categorical: IDATE
INFO:root:Cleaned categorical: IMONTH
INFO:root:Cleaned categorical: IDAY
INFO:root:Cleaned categorical: IYEAR
INFO:root:Cleaned categorical: DISPCODE
INFO:root:Cleaned categorical: SEQNO
INFO:root:Cleaned categorical: _PSU
INFO:root:Cleaned categorical: CTELENM1
INFO:root:Cleaned categorical: PVTRESD1
INFO:root:Cleaned categorical: COLGHOUS
INFO:root:Cleaned categorical: STATERE1
INFO:root:Cleaned categorical: CELPHON1
INFO:root:Cleaned categorical: LADULT1
INFO:root:Cleaned categorical: NUMADULT
INFO:root:Cleaned categorical: RESPSLC1
INFO:root:Cleaned categorical: LANDSEX2
INFO:root:Cleaned categorical: SAFETIME
INFO:root:Cleaned categorical: CTELNUM1
INFO:root:Cleaned categorical: CELLFON5
INFO:root:Cleaned categorical: CADULT1
INFO:root:Cleaned categorical: CELLSEX2
INFO:root:Cleaned categorical: PVTRESD3
INFO:root:Cleaned categorical: CCLGHOUS
INFO:root:Cleaned categorical: CSTATE1
INFO:root:Cleaned categorical: LANDLINE
INFO:root:Cleaned categorical: HHADULT
INFO:root:Cleaned categorical: SEXVAR
INFO:root:Cleaned categorical: GENHLTH
INFO:root:Cleaned categorical: PHYSHLTH
INFO:root:Cleaned categorical: MENTHLTH
INFO:root:Cleaned categorical: POORHLTH
INFO:root:Cleaned categorical: PRIMINS1
INFO:root:Cleaned categorical: PERSDOC3
INFO:root:Cleaned categorical: MEDCOST1
INFO:root:Cleaned categorical: CHECKUP1
INFO:root:Cleaned categorical: EXERANY2
INFO:root:Cleaned categorical: EXRACT12
INFO:root:Cleaned categorical: EXEROFT1
INFO:root:Cleaned categorical: EXERHMM1
INFO:root:Cleaned categorical: EXRACT22
INFO:root:Cleaned categorical: EXEROFT2
INFO:root:Cleaned categorical: EXERHMM2
INFO:root:Cleaned categorical: STRENGTH
INFO:root:Cleaned categorical: BPHIGH6
INFO:root:Cleaned categorical: BPMEDS1
INFO:root:Cleaned categorical: CHOLCHK3
INFO:root:Cleaned categorical: TOLDHI3
INFO:root:Cleaned categorical: CHOLMED3
INFO:root:Cleaned categorical: CVDINFR4
INFO:root:Cleaned categorical: CVDCRHD4
INFO:root:Cleaned categorical: CVDSTRK3
INFO:root:Cleaned categorical: ASTHMA3
INFO:root:Cleaned categorical: ASTHNOW
INFO:root:Cleaned categorical: CHCSCNC1
INFO:root:Cleaned categorical: CHCOCNC1
INFO:root:Cleaned categorical: CHCCOPD3
INFO:root:Cleaned categorical: ADDEPEV3
INFO:root:Cleaned categorical: CHCKDNY2
INFO:root:Cleaned categorical: HAVARTH4
INFO:root:Cleaned categorical: DIABETE4
INFO:root:Cleaned categorical: DIABAGE4
INFO:root:Cleaned categorical: MARITAL
INFO:root:Cleaned categorical: EDUCA
INFO:root:Cleaned categorical: RENTHOM1
INFO:root:Cleaned categorical: NUMHHOL4
INFO:root:Cleaned categorical: NUMPHON4
INFO:root:Cleaned categorical: CPDEMO1C
INFO:root:Cleaned categorical: VETERAN3
INFO:root:Cleaned categorical: EMPLOY1
INFO:root:Cleaned categorical: CHILDREN
INFO:root:Cleaned categorical: INCOME3
INFO:root:Cleaned categorical: PREGNANT
INFO:root:Cleaned categorical: WEIGHT2
INFO:root:Cleaned categorical: HEIGHT3
INFO:root:Cleaned categorical: DEAF
INFO:root:Cleaned categorical: BLIND
INFO:root:Cleaned categorical: DECIDE
INFO:root:Cleaned categorical: DIFFWALK
INFO:root:Cleaned categorical: DIFFDRES
INFO:root:Cleaned categorical: DIFFALON
INFO:root:Cleaned categorical: FALL12MN
INFO:root:Cleaned categorical: FALLINJ5
INFO:root:Cleaned categorical: SMOKE100
INFO:root:Cleaned categorical: SMOKDAY2
INFO:root:Cleaned categorical: USENOW3
INFO:root:Cleaned categorical: ECIGNOW2
INFO:root:Cleaned categorical: ALCDAY4
INFO:root:Cleaned categorical: AVEDRNK3
INFO:root:Cleaned categorical: DRNK3GE5
INFO:root:Cleaned categorical: MAXDRNKS
INFO:root:Cleaned categorical: FLUSHOT7
INFO:root:Cleaned categorical: FLSHTMY3
INFO:root:Cleaned categorical: PNEUVAC4
INFO:root:Cleaned categorical: SHINGLE2
INFO:root:Cleaned categorical: HIVTST7
INFO:root:Cleaned categorical: HIVTSTD3
INFO:root:Cleaned categorical: SEATBELT
INFO:root:Cleaned categorical: DRNKDRI2
INFO:root:Cleaned categorical: COVIDPO1
INFO:root:Cleaned categorical: COVIDSM1
INFO:root:Cleaned categorical: COVIDACT
INFO:root:Cleaned categorical: PDIABTS1
INFO:root:Cleaned categorical: PREDIAB2
INFO:root:Cleaned categorical: DIABTYPE
INFO:root:Cleaned categorical: INSULIN1
INFO:root:Cleaned categorical: CHKHEMO3
INFO:root:Cleaned categorical: EYEEXAM1
INFO:root:Cleaned categorical: DIABEYE1
INFO:root:Cleaned categorical: DIABEDU1
INFO:root:Cleaned categorical: FEETSORE
INFO:root:Cleaned categorical: ARTHEXER
INFO:root:Cleaned categorical: ARTHEDU
INFO:root:Cleaned categorical: LMTJOIN3
INFO:root:Cleaned categorical: ARTHDIS2
INFO:root:Cleaned categorical: JOINPAI2
INFO:root:Cleaned categorical: LCSFIRST
INFO:root:Cleaned categorical: LCSLAST
INFO:root:Cleaned categorical: LCSNUMCG
INFO:root:Cleaned categorical: LCSCTSC1
INFO:root:Cleaned categorical: LCSSCNCR
INFO:root:Cleaned categorical: LCSCTWHN
INFO:root:Cleaned categorical: HADMAM
INFO:root:Cleaned categorical: HOWLONG
INFO:root:Cleaned categorical: CERVSCRN
INFO:root:Cleaned categorical: CRVCLCNC
INFO:root:Cleaned categorical: CRVCLPAP
INFO:root:Cleaned categorical: CRVCLHPV
INFO:root:Cleaned categorical: HADHYST2
INFO:root:Cleaned categorical: PSATEST1
INFO:root:Cleaned categorical: PSATIME1
INFO:root:Cleaned categorical: PCPSARS2
INFO:root:Cleaned categorical: PSASUGS1
INFO:root:Cleaned categorical: PCSTALK2
INFO:root:Cleaned categorical: HADSIGM4
INFO:root:Cleaned categorical: COLNSIGM
INFO:root:Cleaned categorical: COLNTES1
INFO:root:Cleaned categorical: SIGMTES1
INFO:root:Cleaned categorical: LASTSIG4
INFO:root:Cleaned categorical: COLNCNCR
INFO:root:Cleaned categorical: VIRCOLO1
INFO:root:Cleaned categorical: VCLNTES2
INFO:root:Cleaned categorical: SMALSTOL
INFO:root:Cleaned categorical: STOLTEST
INFO:root:Cleaned categorical: STOOLDN2
INFO:root:Cleaned categorical: BLDSTFIT
INFO:root:Cleaned categorical: SDNATES1
INFO:root:Cleaned categorical: CNCRDIFF
INFO:root:Cleaned categorical: CNCRAGE
INFO:root:Cleaned categorical: CNCRTYP2
INFO:root:Cleaned categorical: CSRVTRT3
INFO:root:Cleaned categorical: CSRVDOC1
INFO:root:Cleaned categorical: CSRVSUM
INFO:root:Cleaned categorical: CSRVRTRN
INFO:root:Cleaned categorical: CSRVINST
INFO:root:Cleaned categorical: CSRVINSR
INFO:root:Cleaned categorical: CSRVDEIN
INFO:root:Cleaned categorical: CSRVCLIN
INFO:root:Cleaned categorical: CSRVPAIN
INFO:root:Cleaned categorical: CSRVCTL2
INFO:root:Cleaned categorical: INDORTAN
INFO:root:Cleaned categorical: NUMBURN3
INFO:root:Cleaned categorical: SUNPRTCT
INFO:root:Cleaned categorical: WKDAYOUT
INFO:root:Cleaned categorical: WKENDOUT
INFO:root:Cleaned categorical: CIMEMLO1
INFO:root:Cleaned categorical: CDWORRY
INFO:root:Cleaned categorical: CDDISCU1
INFO:root:Cleaned categorical: CDHOUS1
INFO:root:Cleaned categorical: CDSOCIA1
INFO:root:Cleaned categorical: CAREGIV1
INFO:root:Cleaned categorical: CRGVREL4
INFO:root:Cleaned categorical: CRGVLNG1
INFO:root:Cleaned categorical: CRGVHRS1
INFO:root:Cleaned categorical: CRGVPRB3
INFO:root:Cleaned categorical: CRGVALZD
INFO:root:Cleaned categorical: CRGVPER1
INFO:root:Cleaned categorical: CRGVHOU1
INFO:root:Cleaned categorical: CRGVEXPT
INFO:root:Cleaned categorical: LASTSMK2
INFO:root:Cleaned categorical: STOPSMK2
INFO:root:Cleaned categorical: MENTCIGS
INFO:root:Cleaned categorical: MENTECIG
INFO:root:Cleaned categorical: HEATTBCO
INFO:root:Cleaned categorical: FIREARM5
INFO:root:Cleaned categorical: GUNLOAD
INFO:root:Cleaned categorical: LOADULK2
INFO:root:Cleaned categorical: HASYMP1
INFO:root:Cleaned categorical: HASYMP2
INFO:root:Cleaned categorical: HASYMP3
INFO:root:Cleaned categorical: HASYMP4
INFO:root:Cleaned categorical: HASYMP5
INFO:root:Cleaned categorical: HASYMP6
INFO:root:Cleaned categorical: STRSYMP1
INFO:root:Cleaned categorical: STRSYMP2
INFO:root:Cleaned categorical: STRSYMP3
INFO:root:Cleaned categorical: STRSYMP4
INFO:root:Cleaned categorical: STRSYMP5
INFO:root:Cleaned categorical: STRSYMP6
INFO:root:Cleaned categorical: FIRSTAID
INFO:root:Cleaned categorical: ASPIRIN
INFO:root:Cleaned categorical: SOMALE
INFO:root:Cleaned categorical: SOFEMALE
INFO:root:Cleaned categorical: MARIJAN1
INFO:root:Cleaned categorical: MARJSMOK
INFO:root:Cleaned categorical: MARJEAT
INFO:root:Cleaned categorical: MARJVAPE
INFO:root:Cleaned categorical: MARJDAB
INFO:root:Cleaned categorical: MARJOTHR
INFO:root:Cleaned categorical: ACEDEPRS
INFO:root:Cleaned categorical: ACEDRINK
INFO:root:Cleaned categorical: ACEDRUGS
INFO:root:Cleaned categorical: ACEPRISN
INFO:root:Cleaned categorical: ACEDIVRC
INFO:root:Cleaned categorical: ACEPUNCH
INFO:root:Cleaned categorical: ACEHURT1
INFO:root:Cleaned categorical: ACESWEAR
INFO:root:Cleaned categorical: ACETOUCH
INFO:root:Cleaned categorical: ACETTHEM
INFO:root:Cleaned categorical: ACEHVSEX
INFO:root:Cleaned categorical: ACEADSAF
INFO:root:Cleaned categorical: ACEADNED
INFO:root:Cleaned categorical: IMFVPLA4
INFO:root:Cleaned categorical: HPVADVC4
INFO:root:Cleaned categorical: HPVADSHT
INFO:root:Cleaned categorical: TETANUS1
INFO:root:Cleaned categorical: COVIDVA1
INFO:root:Cleaned categorical: COVACGE1
INFO:root:Cleaned categorical: COVIDNU2
INFO:root:Cleaned categorical: LSATISFY
INFO:root:Cleaned categorical: EMTSUPRT
INFO:root:Cleaned categorical: SDLONELY
INFO:root:Cleaned categorical: SDHEMPLY
INFO:root:Cleaned categorical: FOODSTMP
INFO:root:Cleaned categorical: SDHFOOD1
INFO:root:Cleaned categorical: SDHBILLS
INFO:root:Cleaned categorical: SDHUTILS
INFO:root:Cleaned categorical: SDHTRNSP
INFO:root:Cleaned categorical: SDHSTRE1
INFO:root:Cleaned categorical: RRCLASS3
INFO:root:Cleaned categorical: RRCOGNT2
INFO:root:Cleaned categorical: RRTREAT
INFO:root:Cleaned categorical: RRATWRK2
INFO:root:Cleaned categorical: RRHCARE4
INFO:root:Cleaned categorical: RRPHYSM2
INFO:root:Cleaned categorical: RCSRLTN2
INFO:root:Cleaned categorical: CASTHDX2
INFO:root:Cleaned categorical: CASTHNO2
INFO:root:Cleaned categorical: QSTVER
INFO:root:Cleaned categorical: QSTLANG
INFO:root:Cleaned categorical: _METSTAT
INFO:root:Cleaned categorical: _URBSTAT
INFO:root:Cleaned categorical: MSCODE
INFO:root:Cleaned categorical: _STSTR
INFO:root:Cleaned categorical: _STRWT
INFO:root:Cleaned categorical: _RAWRAKE
INFO:root:Cleaned categorical: _WT2RAKE
INFO:root:Cleaned categorical: _IMPRACE
INFO:root:Cleaned categorical: _CHISPNC
INFO:root:Cleaned categorical: _CRACE1
INFO:root:Cleaned categorical: CAGEG
INFO:root:Cleaned categorical: _CLLCPWT
INFO:root:Cleaned categorical: _DUALUSE
INFO:root:Cleaned categorical: _DUALCOR
INFO:root:Cleaned categorical: _LLCPWT2
INFO:root:Cleaned categorical: _LLCPWT
INFO:root:Cleaned categorical: _RFHLTH
INFO:root:Cleaned categorical: _PHYS14D
INFO:root:Cleaned categorical: _MENT14D
INFO:root:Cleaned categorical: _HLTHPL1
INFO:root:Cleaned categorical: _HCVU653
INFO:root:Cleaned categorical: _TOTINDA
INFO:root:Cleaned categorical: METVL12_
INFO:root:Cleaned categorical: METVL22_
INFO:root:Cleaned categorical: MAXVO21_
INFO:root:Cleaned categorical: FC601_
INFO:root:Cleaned categorical: ACTIN13_
INFO:root:Cleaned categorical: ACTIN23_
INFO:root:Cleaned categorical: PADUR1_
INFO:root:Cleaned categorical: PADUR2_
INFO:root:Cleaned categorical: PAFREQ1_
INFO:root:Cleaned categorical: PAFREQ2_
INFO:root:Cleaned categorical: _MINAC12
INFO:root:Cleaned categorical: _MINAC22
INFO:root:Cleaned categorical: STRFREQ_
INFO:root:Cleaned categorical: PAMISS3_
INFO:root:Cleaned categorical: PAMIN13_
INFO:root:Cleaned categorical: PAMIN23_
INFO:root:Cleaned categorical: PA3MIN_
INFO:root:Cleaned categorical: PAVIG13_
INFO:root:Cleaned categorical: PAVIG23_
INFO:root:Cleaned categorical: PA3VIGM_
INFO:root:Cleaned categorical: _PACAT3
INFO:root:Cleaned categorical: _PAINDX3
INFO:root:Cleaned categorical: _PA150R4
INFO:root:Cleaned categorical: _PA300R4
INFO:root:Cleaned categorical: _PA30023
INFO:root:Cleaned categorical: _PASTRNG
INFO:root:Cleaned categorical: _PAREC3
INFO:root:Cleaned categorical: _PASTAE3
INFO:root:Cleaned categorical: _RFHYPE6
INFO:root:Cleaned categorical: _CHOLCH3
INFO:root:Cleaned categorical: _RFCHOL3
INFO:root:Cleaned categorical: _MICHD
INFO:root:Cleaned categorical: _LTASTH1
INFO:root:Cleaned categorical: _CASTHM1
INFO:root:Cleaned categorical: _ASTHMS1
INFO:root:Cleaned categorical: _DRDXAR2
INFO:root:Cleaned categorical: _MRACE1
INFO:root:Cleaned categorical: _HISPANC
INFO:root:Cleaned categorical: _RACE
INFO:root:Cleaned categorical: _RACEG21
INFO:root:Cleaned categorical: _RACEGR3
INFO:root:Cleaned categorical: _RACEPRV
INFO:root:Cleaned categorical: _SEX
INFO:root:Cleaned categorical: _AGEG5YR
INFO:root:Cleaned categorical: _AGE65YR
INFO:root:Cleaned categorical: _AGE80
INFO:root:Cleaned categorical: _AGE_G
INFO:root:Cleaned categorical: HTIN4
INFO:root:Cleaned categorical: HTM4
INFO:root:Cleaned categorical: WTKG3
INFO:root:Cleaned categorical: _BMI5
INFO:root:Cleaned categorical: _BMI5CAT
INFO:root:Cleaned categorical: _RFBMI5
INFO:root:Cleaned categorical: _CHLDCNT
INFO:root:Cleaned categorical: _EDUCAG
INFO:root:Cleaned categorical: _INCOMG1
INFO:root:Cleaned categorical: _SMOKER3
INFO:root:Cleaned categorical: _RFSMOK3
INFO:root:Cleaned categorical: _CURECI2
INFO:root:Cleaned categorical: DRNKANY6
INFO:root:Cleaned categorical: DROCDY4_
INFO:root:Cleaned categorical: _RFBING6
INFO:root:Cleaned categorical: _DRNKWK2
INFO:root:Cleaned categorical: _RFDRHV8
INFO:root:Cleaned categorical: _FLSHOT7
INFO:root:Cleaned categorical: _PNEUMO3
INFO:root:Cleaned categorical: _AIDTST4
INFO:root:Cleaned categorical: _RFSEAT2
INFO:root:Cleaned categorical: _RFSEAT3
INFO:root:Cleaned categorical: _DRNKDRV
INFO:root:Rows after categorical cleaning: 433323
INFO:root:Cleaned boolean: EXERANY2
INFO:root:Cleaned boolean: BPMEDS1
INFO:root:Cleaned boolean: SMOKE100
INFO:root:Cleaned boolean: COVIDPO1
INFO:root:Rows after boolean cleaning: 433323
INFO:root:Cleaned numerical: PHYSHLTH
INFO:root:Cleaned numerical: MENTHLTH
INFO:root:Cleaned numerical: POORHLTH
INFO:root:Cleaned numerical: DIABAGE4
INFO:root:Cleaned numerical: JOINPAI2
INFO:root:Cleaned numerical: LCSFIRST
INFO:root:Cleaned numerical: LCSLAST
INFO:root:Cleaned numerical: LCSNUMCG
INFO:root:Cleaned numerical: MARIJAN1
INFO:root:Rows after numerical cleaning: 433323
INFO:root:Constructed INTERVIEW_DATE
INFO:root:Rows after date cleaning: 433323
INFO:root:Rows with valid _MENTAL_HEALTH_BINARY: 0
INFO:root:Rows with valid _EXERCISE_BINARY: 0
INFO:root:Rows after filtering for both binaries: 0
INFO:root:Saved cleaned data to data/cleaned_llcp2023.csv
INFO:root:Cleaned categorical: _STATE
INFO:root:Cleaned categorical: FMONTH
INFO:root:Cleaned categorical: IDATE
INFO:root:Cleaned categorical: IMONTH
INFO:root:Cleaned categorical: IDAY
INFO:root:Cleaned categorical: IYEAR
INFO:root:Cleaned categorical: DISPCODE
INFO:root:Cleaned categorical: SEQNO
INFO:root:Cleaned categorical: _PSU
INFO:root:Cleaned categorical: CTELENM1
INFO:root:Cleaned categorical: PVTRESD1
INFO:root:Cleaned categorical: COLGHOUS
INFO:root:Cleaned categorical: STATERE1
INFO:root:Cleaned categorical: CELPHON1
INFO:root:Cleaned categorical: LADULT1
INFO:root:Cleaned categorical: NUMADULT
INFO:root:Cleaned categorical: RESPSLC1
INFO:root:Cleaned categorical: LANDSEX2
INFO:root:Cleaned categorical: SAFETIME
INFO:root:Cleaned categorical: CTELNUM1
INFO:root:Cleaned categorical: CELLFON5
INFO:root:Cleaned categorical: CADULT1
INFO:root:Cleaned categorical: CELLSEX2
INFO:root:Cleaned categorical: PVTRESD3
INFO:root:Cleaned categorical: CCLGHOUS
INFO:root:Cleaned categorical: CSTATE1
INFO:root:Cleaned categorical: LANDLINE
INFO:root:Cleaned categorical: HHADULT
INFO:root:Cleaned categorical: SEXVAR
INFO:root:Cleaned categorical: GENHLTH
INFO:root:Cleaned categorical: PHYSHLTH
INFO:root:Cleaned categorical: MENTHLTH
INFO:root:Cleaned categorical: POORHLTH
INFO:root:Cleaned categorical: PRIMINS1
INFO:root:Cleaned categorical: PERSDOC3
INFO:root:Cleaned categorical: MEDCOST1
INFO:root:Cleaned categorical: CHECKUP1
INFO:root:Cleaned categorical: EXERANY2
INFO:root:Cleaned categorical: EXRACT12
INFO:root:Cleaned categorical: EXEROFT1
INFO:root:Cleaned categorical: EXERHMM1
INFO:root:Cleaned categorical: EXRACT22
INFO:root:Cleaned categorical: EXEROFT2
INFO:root:Cleaned categorical: EXERHMM2
INFO:root:Cleaned categorical: STRENGTH
INFO:root:Cleaned categorical: BPHIGH6
INFO:root:Cleaned categorical: BPMEDS1
INFO:root:Cleaned categorical: CHOLCHK3
INFO:root:Cleaned categorical: TOLDHI3
INFO:root:Cleaned categorical: CHOLMED3
INFO:root:Cleaned categorical: CVDINFR4
INFO:root:Cleaned categorical: CVDCRHD4
INFO:root:Cleaned categorical: CVDSTRK3
INFO:root:Cleaned categorical: ASTHMA3
INFO:root:Cleaned categorical: ASTHNOW
INFO:root:Cleaned categorical: CHCSCNC1
INFO:root:Cleaned categorical: CHCOCNC1
INFO:root:Cleaned categorical: CHCCOPD3
INFO:root:Cleaned categorical: ADDEPEV3
INFO:root:Cleaned categorical: CHCKDNY2
INFO:root:Cleaned categorical: HAVARTH4
INFO:root:Cleaned categorical: DIABETE4
INFO:root:Cleaned categorical: DIABAGE4
INFO:root:Cleaned categorical: MARITAL
INFO:root:Cleaned categorical: EDUCA
INFO:root:Cleaned categorical: RENTHOM1
INFO:root:Cleaned categorical: NUMHHOL4
INFO:root:Cleaned categorical: NUMPHON4
INFO:root:Cleaned categorical: CPDEMO1C
INFO:root:Cleaned categorical: VETERAN3
INFO:root:Cleaned categorical: EMPLOY1
INFO:root:Cleaned categorical: CHILDREN
INFO:root:Cleaned categorical: INCOME3
INFO:root:Cleaned categorical: PREGNANT
INFO:root:Cleaned categorical: WEIGHT2
INFO:root:Cleaned categorical: HEIGHT3
INFO:root:Cleaned categorical: DEAF
INFO:root:Cleaned categorical: BLIND
INFO:root:Cleaned categorical: DECIDE
INFO:root:Cleaned categorical: DIFFWALK
INFO:root:Cleaned categorical: DIFFDRES
INFO:root:Cleaned categorical: DIFFALON
INFO:root:Cleaned categorical: FALL12MN
INFO:root:Cleaned categorical: FALLINJ5
INFO:root:Cleaned categorical: SMOKE100
INFO:root:Cleaned categorical: SMOKDAY2
INFO:root:Cleaned categorical: USENOW3
INFO:root:Cleaned categorical: ECIGNOW2
INFO:root:Cleaned categorical: ALCDAY4
INFO:root:Cleaned categorical: AVEDRNK3
INFO:root:Cleaned categorical: DRNK3GE5
INFO:root:Cleaned categorical: MAXDRNKS
INFO:root:Cleaned categorical: FLUSHOT7
INFO:root:Cleaned categorical: FLSHTMY3
INFO:root:Cleaned categorical: PNEUVAC4
INFO:root:Cleaned categorical: SHINGLE2
INFO:root:Cleaned categorical: HIVTST7
INFO:root:Cleaned categorical: HIVTSTD3
INFO:root:Cleaned categorical: SEATBELT
INFO:root:Cleaned categorical: DRNKDRI2
INFO:root:Cleaned categorical: COVIDPO1
INFO:root:Cleaned categorical: COVIDSM1
INFO:root:Cleaned categorical: COVIDACT
INFO:root:Cleaned categorical: PDIABTS1
INFO:root:Cleaned categorical: PREDIAB2
INFO:root:Cleaned categorical: DIABTYPE
INFO:root:Cleaned categorical: INSULIN1
INFO:root:Cleaned categorical: CHKHEMO3
INFO:root:Cleaned categorical: EYEEXAM1
INFO:root:Cleaned categorical: DIABEYE1
INFO:root:Cleaned categorical: DIABEDU1
INFO:root:Cleaned categorical: FEETSORE
INFO:root:Cleaned categorical: ARTHEXER
INFO:root:Cleaned categorical: ARTHEDU
INFO:root:Cleaned categorical: LMTJOIN3
INFO:root:Cleaned categorical: ARTHDIS2
INFO:root:Cleaned categorical: JOINPAI2
INFO:root:Cleaned categorical: LCSFIRST
INFO:root:Cleaned categorical: LCSLAST
INFO:root:Cleaned categorical: LCSNUMCG
INFO:root:Cleaned categorical: LCSCTSC1
INFO:root:Cleaned categorical: LCSSCNCR
INFO:root:Cleaned categorical: LCSCTWHN
INFO:root:Cleaned categorical: HADMAM
INFO:root:Cleaned categorical: HOWLONG
INFO:root:Cleaned categorical: CERVSCRN
INFO:root:Cleaned categorical: CRVCLCNC
INFO:root:Cleaned categorical: CRVCLPAP
INFO:root:Cleaned categorical: CRVCLHPV
INFO:root:Cleaned categorical: HADHYST2
INFO:root:Cleaned categorical: PSATEST1
INFO:root:Cleaned categorical: PSATIME1
INFO:root:Cleaned categorical: PCPSARS2
INFO:root:Cleaned categorical: PSASUGS1
INFO:root:Cleaned categorical: PCSTALK2
INFO:root:Cleaned categorical: HADSIGM4
INFO:root:Cleaned categorical: COLNSIGM
INFO:root:Cleaned categorical: COLNTES1
INFO:root:Cleaned categorical: SIGMTES1
INFO:root:Cleaned categorical: LASTSIG4
INFO:root:Cleaned categorical: COLNCNCR
INFO:root:Cleaned categorical: VIRCOLO1
INFO:root:Cleaned categorical: VCLNTES2
INFO:root:Cleaned categorical: SMALSTOL
INFO:root:Cleaned categorical: STOLTEST
INFO:root:Cleaned categorical: STOOLDN2
INFO:root:Cleaned categorical: BLDSTFIT
INFO:root:Cleaned categorical: SDNATES1
INFO:root:Cleaned categorical: CNCRDIFF
INFO:root:Cleaned categorical: CNCRAGE
INFO:root:Cleaned categorical: CNCRTYP2
INFO:root:Cleaned categorical: CSRVTRT3
INFO:root:Cleaned categorical: CSRVDOC1
INFO:root:Cleaned categorical: CSRVSUM
INFO:root:Cleaned categorical: CSRVRTRN
INFO:root:Cleaned categorical: CSRVINST
INFO:root:Cleaned categorical: CSRVINSR
INFO:root:Cleaned categorical: CSRVDEIN
INFO:root:Cleaned categorical: CSRVCLIN
INFO:root:Cleaned categorical: CSRVPAIN
INFO:root:Cleaned categorical: CSRVCTL2
INFO:root:Cleaned categorical: INDORTAN
INFO:root:Cleaned categorical: NUMBURN3
INFO:root:Cleaned categorical: SUNPRTCT
INFO:root:Cleaned categorical: WKDAYOUT
INFO:root:Cleaned categorical: WKENDOUT
INFO:root:Cleaned categorical: CIMEMLO1
INFO:root:Cleaned categorical: CDWORRY
INFO:root:Cleaned categorical: CDDISCU1
INFO:root:Cleaned categorical: CDHOUS1
INFO:root:Cleaned categorical: CDSOCIA1
INFO:root:Cleaned categorical: CAREGIV1
INFO:root:Cleaned categorical: CRGVREL4
INFO:root:Cleaned categorical: CRGVLNG1
INFO:root:Cleaned categorical: CRGVHRS1
INFO:root:Cleaned categorical: CRGVPRB3
INFO:root:Cleaned categorical: CRGVALZD
INFO:root:Cleaned categorical: CRGVPER1
INFO:root:Cleaned categorical: CRGVHOU1
INFO:root:Cleaned categorical: CRGVEXPT
INFO:root:Cleaned categorical: LASTSMK2
INFO:root:Cleaned categorical: STOPSMK2
INFO:root:Cleaned categorical: MENTCIGS
INFO:root:Cleaned categorical: MENTECIG
INFO:root:Cleaned categorical: HEATTBCO
INFO:root:Cleaned categorical: FIREARM5
INFO:root:Cleaned categorical: GUNLOAD
INFO:root:Cleaned categorical: LOADULK2
INFO:root:Cleaned categorical: HASYMP1
INFO:root:Cleaned categorical: HASYMP2
INFO:root:Cleaned categorical: HASYMP3
INFO:root:Cleaned categorical: HASYMP4
INFO:root:Cleaned categorical: HASYMP5
INFO:root:Cleaned categorical: HASYMP6
INFO:root:Cleaned categorical: STRSYMP1
INFO:root:Cleaned categorical: STRSYMP2
INFO:root:Cleaned categorical: STRSYMP3
INFO:root:Cleaned categorical: STRSYMP4
INFO:root:Cleaned categorical: STRSYMP5
INFO:root:Cleaned categorical: STRSYMP6
INFO:root:Cleaned categorical: FIRSTAID
INFO:root:Cleaned categorical: ASPIRIN
INFO:root:Cleaned categorical: SOMALE
INFO:root:Cleaned categorical: SOFEMALE
INFO:root:Cleaned categorical: MARIJAN1
INFO:root:Cleaned categorical: MARJSMOK
INFO:root:Cleaned categorical: MARJEAT
INFO:root:Cleaned categorical: MARJVAPE
INFO:root:Cleaned categorical: MARJDAB
INFO:root:Cleaned categorical: MARJOTHR
INFO:root:Cleaned categorical: ACEDEPRS
INFO:root:Cleaned categorical: ACEDRINK
INFO:root:Cleaned categorical: ACEDRUGS
INFO:root:Cleaned categorical: ACEPRISN
INFO:root:Cleaned categorical: ACEDIVRC
INFO:root:Cleaned categorical: ACEPUNCH
INFO:root:Cleaned categorical: ACEHURT1
INFO:root:Cleaned categorical: ACESWEAR
INFO:root:Cleaned categorical: ACETOUCH
INFO:root:Cleaned categorical: ACETTHEM
INFO:root:Cleaned categorical: ACEHVSEX
INFO:root:Cleaned categorical: ACEADSAF
INFO:root:Cleaned categorical: ACEADNED
INFO:root:Cleaned categorical: IMFVPLA4
INFO:root:Cleaned categorical: HPVADVC4
INFO:root:Cleaned categorical: HPVADSHT
INFO:root:Cleaned categorical: TETANUS1
INFO:root:Cleaned categorical: COVIDVA1
INFO:root:Cleaned categorical: COVACGE1
INFO:root:Cleaned categorical: COVIDNU2
INFO:root:Cleaned categorical: LSATISFY
INFO:root:Cleaned categorical: EMTSUPRT
INFO:root:Cleaned categorical: SDLONELY
INFO:root:Cleaned categorical: SDHEMPLY
INFO:root:Cleaned categorical: FOODSTMP
INFO:root:Cleaned categorical: SDHFOOD1
INFO:root:Cleaned categorical: SDHBILLS
INFO:root:Cleaned categorical: SDHUTILS
INFO:root:Cleaned categorical: SDHTRNSP
INFO:root:Cleaned categorical: SDHSTRE1
INFO:root:Cleaned categorical: RRCLASS3
INFO:root:Cleaned categorical: RRCOGNT2
INFO:root:Cleaned categorical: RRTREAT
INFO:root:Cleaned categorical: RRATWRK2
INFO:root:Cleaned categorical: RRHCARE4
INFO:root:Cleaned categorical: RRPHYSM2
INFO:root:Cleaned categorical: RCSRLTN2
INFO:root:Cleaned categorical: CASTHDX2
INFO:root:Cleaned categorical: CASTHNO2
INFO:root:Cleaned categorical: QSTVER
INFO:root:Cleaned categorical: QSTLANG
INFO:root:Cleaned categorical: _METSTAT
INFO:root:Cleaned categorical: _URBSTAT
INFO:root:Cleaned categorical: MSCODE
INFO:root:Cleaned categorical: _STSTR
INFO:root:Cleaned categorical: _STRWT
INFO:root:Cleaned categorical: _RAWRAKE
INFO:root:Cleaned categorical: _WT2RAKE
INFO:root:Cleaned categorical: _IMPRACE
INFO:root:Cleaned categorical: _CHISPNC
INFO:root:Cleaned categorical: _CRACE1
INFO:root:Cleaned categorical: CAGEG
INFO:root:Cleaned categorical: _CLLCPWT
INFO:root:Cleaned categorical: _DUALUSE
INFO:root:Cleaned categorical: _DUALCOR
INFO:root:Cleaned categorical: _LLCPWT2
INFO:root:Cleaned categorical: _LLCPWT
INFO:root:Cleaned categorical: _RFHLTH
INFO:root:Cleaned categorical: _PHYS14D
INFO:root:Cleaned categorical: _MENT14D
INFO:root:Cleaned categorical: _HLTHPL1
INFO:root:Cleaned categorical: _HCVU653
INFO:root:Cleaned categorical: _TOTINDA
INFO:root:Cleaned categorical: METVL12_
INFO:root:Cleaned categorical: METVL22_
INFO:root:Cleaned categorical: MAXVO21_
INFO:root:Cleaned categorical: FC601_
INFO:root:Cleaned categorical: ACTIN13_
INFO:root:Cleaned categorical: ACTIN23_
INFO:root:Cleaned categorical: PADUR1_
INFO:root:Cleaned categorical: PADUR2_
INFO:root:Cleaned categorical: PAFREQ1_
INFO:root:Cleaned categorical: PAFREQ2_
INFO:root:Cleaned categorical: _MINAC12
INFO:root:Cleaned categorical: _MINAC22
INFO:root:Cleaned categorical: STRFREQ_
INFO:root:Cleaned categorical: PAMISS3_
INFO:root:Cleaned categorical: PAMIN13_
INFO:root:Cleaned categorical: PAMIN23_
INFO:root:Cleaned categorical: PA3MIN_
INFO:root:Cleaned categorical: PAVIG13_
INFO:root:Cleaned categorical: PAVIG23_
INFO:root:Cleaned categorical: PA3VIGM_
INFO:root:Cleaned categorical: _PACAT3
INFO:root:Cleaned categorical: _PAINDX3
INFO:root:Cleaned categorical: _PA150R4
INFO:root:Cleaned categorical: _PA300R4
INFO:root:Cleaned categorical: _PA30023
INFO:root:Cleaned categorical: _PASTRNG
INFO:root:Cleaned categorical: _PAREC3
INFO:root:Cleaned categorical: _PASTAE3
INFO:root:Cleaned categorical: _RFHYPE6
INFO:root:Cleaned categorical: _CHOLCH3
INFO:root:Cleaned categorical: _RFCHOL3
INFO:root:Cleaned categorical: _MICHD
INFO:root:Cleaned categorical: _LTASTH1
INFO:root:Cleaned categorical: _CASTHM1
INFO:root:Cleaned categorical: _ASTHMS1
INFO:root:Cleaned categorical: _DRDXAR2
INFO:root:Cleaned categorical: _MRACE1
INFO:root:Cleaned categorical: _HISPANC
INFO:root:Cleaned categorical: _RACE
INFO:root:Cleaned categorical: _RACEG21
INFO:root:Cleaned categorical: _RACEGR3
INFO:root:Cleaned categorical: _RACEPRV
INFO:root:Cleaned categorical: _SEX
INFO:root:Cleaned categorical: _AGEG5YR
INFO:root:Cleaned categorical: _AGE65YR
INFO:root:Cleaned categorical: _AGE80
INFO:root:Cleaned categorical: _AGE_G
INFO:root:Cleaned categorical: HTIN4
INFO:root:Cleaned categorical: HTM4
INFO:root:Cleaned categorical: WTKG3
INFO:root:Cleaned categorical: _BMI5
INFO:root:Cleaned categorical: _BMI5CAT
INFO:root:Cleaned categorical: _RFBMI5
INFO:root:Cleaned categorical: _CHLDCNT
INFO:root:Cleaned categorical: _EDUCAG
INFO:root:Cleaned categorical: _INCOMG1
INFO:root:Cleaned categorical: _SMOKER3
INFO:root:Cleaned categorical: _RFSMOK3
INFO:root:Cleaned categorical: _CURECI2
INFO:root:Cleaned categorical: DRNKANY6
INFO:root:Cleaned categorical: DROCDY4_
INFO:root:Cleaned categorical: _RFBING6
INFO:root:Cleaned categorical: _DRNKWK2
INFO:root:Cleaned categorical: _RFDRHV8
INFO:root:Cleaned categorical: _FLSHOT7
INFO:root:Cleaned categorical: _PNEUMO3
INFO:root:Cleaned categorical: _AIDTST4
INFO:root:Cleaned categorical: _RFSEAT2
INFO:root:Cleaned categorical: _RFSEAT3
INFO:root:Cleaned categorical: _DRNKDRV
INFO:root:Rows after categorical cleaning: 433323
INFO:root:Cleaned boolean: EXERANY2
INFO:root:Cleaned boolean: BPMEDS1
INFO:root:Cleaned boolean: SMOKE100
INFO:root:Cleaned boolean: COVIDPO1
INFO:root:Rows after boolean cleaning: 433323
INFO:root:Cleaned numerical: PHYSHLTH
INFO:root:Cleaned numerical: MENTHLTH
INFO:root:Cleaned numerical: POORHLTH
INFO:root:Cleaned numerical: DIABAGE4
INFO:root:Cleaned numerical: JOINPAI2
INFO:root:Cleaned numerical: LCSFIRST
INFO:root:Cleaned numerical: LCSLAST
INFO:root:Cleaned numerical: LCSNUMCG
INFO:root:Cleaned numerical: MARIJAN1
INFO:root:Rows after numerical cleaning: 433323
INFO:root:Constructed INTERVIEW_DATE
INFO:root:Rows after date cleaning: 433323
INFO:root:Unique values in _MENT14D: ['1.0' '2.0' '9.0' '3.0']
INFO:root:Rows with valid _MENTAL_HEALTH_BINARY: 0
INFO:root:Unique values in _TOTINDA: ['2.0' '1.0' '9.0']
INFO:root:Rows with valid _EXERCISE_BINARY: 0
INFO:root:Rows after filtering for both binaries: 0
INFO:root:Saved cleaned data to data/cleaned_llcp2023.csv
INFO:root:Cleaned categorical: _STATE
INFO:root:Cleaned categorical: FMONTH
INFO:root:Cleaned categorical: IDATE
INFO:root:Cleaned categorical: IMONTH
INFO:root:Cleaned categorical: IDAY
INFO:root:Cleaned categorical: IYEAR
INFO:root:Cleaned categorical: DISPCODE
INFO:root:Cleaned categorical: SEQNO
INFO:root:Cleaned categorical: _PSU
INFO:root:Cleaned categorical: CTELENM1
INFO:root:Cleaned categorical: PVTRESD1
INFO:root:Cleaned categorical: COLGHOUS
INFO:root:Cleaned categorical: STATERE1
INFO:root:Cleaned categorical: CELPHON1
INFO:root:Cleaned categorical: LADULT1
INFO:root:Cleaned categorical: NUMADULT
INFO:root:Cleaned categorical: RESPSLC1
INFO:root:Cleaned categorical: LANDSEX2
INFO:root:Cleaned categorical: SAFETIME
INFO:root:Cleaned categorical: CTELNUM1
INFO:root:Cleaned categorical: CELLFON5
INFO:root:Cleaned categorical: CADULT1
INFO:root:Cleaned categorical: CELLSEX2
INFO:root:Cleaned categorical: PVTRESD3
INFO:root:Cleaned categorical: CCLGHOUS
INFO:root:Cleaned categorical: CSTATE1
INFO:root:Cleaned categorical: LANDLINE
INFO:root:Cleaned categorical: HHADULT
INFO:root:Cleaned categorical: SEXVAR
INFO:root:Cleaned categorical: GENHLTH
INFO:root:Cleaned categorical: PHYSHLTH
INFO:root:Cleaned categorical: MENTHLTH
INFO:root:Cleaned categorical: POORHLTH
INFO:root:Cleaned categorical: PRIMINS1
INFO:root:Cleaned categorical: PERSDOC3
INFO:root:Cleaned categorical: MEDCOST1
INFO:root:Cleaned categorical: CHECKUP1
INFO:root:Cleaned categorical: EXERANY2
INFO:root:Cleaned categorical: EXRACT12
INFO:root:Cleaned categorical: EXEROFT1
INFO:root:Cleaned categorical: EXERHMM1
INFO:root:Cleaned categorical: EXRACT22
INFO:root:Cleaned categorical: EXEROFT2
INFO:root:Cleaned categorical: EXERHMM2
INFO:root:Cleaned categorical: STRENGTH
INFO:root:Cleaned categorical: BPHIGH6
INFO:root:Cleaned categorical: BPMEDS1
INFO:root:Cleaned categorical: CHOLCHK3
INFO:root:Cleaned categorical: TOLDHI3
INFO:root:Cleaned categorical: CHOLMED3
INFO:root:Cleaned categorical: CVDINFR4
INFO:root:Cleaned categorical: CVDCRHD4
INFO:root:Cleaned categorical: CVDSTRK3
INFO:root:Cleaned categorical: ASTHMA3
INFO:root:Cleaned categorical: ASTHNOW
INFO:root:Cleaned categorical: CHCSCNC1
INFO:root:Cleaned categorical: CHCOCNC1
INFO:root:Cleaned categorical: CHCCOPD3
INFO:root:Cleaned categorical: ADDEPEV3
INFO:root:Cleaned categorical: CHCKDNY2
INFO:root:Cleaned categorical: HAVARTH4
INFO:root:Cleaned categorical: DIABETE4
INFO:root:Cleaned categorical: DIABAGE4
INFO:root:Cleaned categorical: MARITAL
INFO:root:Cleaned categorical: EDUCA
INFO:root:Cleaned categorical: RENTHOM1
INFO:root:Cleaned categorical: NUMHHOL4
INFO:root:Cleaned categorical: NUMPHON4
INFO:root:Cleaned categorical: CPDEMO1C
INFO:root:Cleaned categorical: VETERAN3
INFO:root:Cleaned categorical: EMPLOY1
INFO:root:Cleaned categorical: CHILDREN
INFO:root:Cleaned categorical: INCOME3
INFO:root:Cleaned categorical: PREGNANT
INFO:root:Cleaned categorical: WEIGHT2
INFO:root:Cleaned categorical: HEIGHT3
INFO:root:Cleaned categorical: DEAF
INFO:root:Cleaned categorical: BLIND
INFO:root:Cleaned categorical: DECIDE
INFO:root:Cleaned categorical: DIFFWALK
INFO:root:Cleaned categorical: DIFFDRES
INFO:root:Cleaned categorical: DIFFALON
INFO:root:Cleaned categorical: FALL12MN
INFO:root:Cleaned categorical: FALLINJ5
INFO:root:Cleaned categorical: SMOKE100
INFO:root:Cleaned categorical: SMOKDAY2
INFO:root:Cleaned categorical: USENOW3
INFO:root:Cleaned categorical: ECIGNOW2
INFO:root:Cleaned categorical: ALCDAY4
INFO:root:Cleaned categorical: AVEDRNK3
INFO:root:Cleaned categorical: DRNK3GE5
INFO:root:Cleaned categorical: MAXDRNKS
INFO:root:Cleaned categorical: FLUSHOT7
INFO:root:Cleaned categorical: FLSHTMY3
INFO:root:Cleaned categorical: PNEUVAC4
INFO:root:Cleaned categorical: SHINGLE2
INFO:root:Cleaned categorical: HIVTST7
INFO:root:Cleaned categorical: HIVTSTD3
INFO:root:Cleaned categorical: SEATBELT
INFO:root:Cleaned categorical: DRNKDRI2
INFO:root:Cleaned categorical: COVIDPO1
INFO:root:Cleaned categorical: COVIDSM1
INFO:root:Cleaned categorical: COVIDACT
INFO:root:Cleaned categorical: PDIABTS1
INFO:root:Cleaned categorical: PREDIAB2
INFO:root:Cleaned categorical: DIABTYPE
INFO:root:Cleaned categorical: INSULIN1
INFO:root:Cleaned categorical: CHKHEMO3
INFO:root:Cleaned categorical: EYEEXAM1
INFO:root:Cleaned categorical: DIABEYE1
INFO:root:Cleaned categorical: DIABEDU1
INFO:root:Cleaned categorical: FEETSORE
INFO:root:Cleaned categorical: ARTHEXER
INFO:root:Cleaned categorical: ARTHEDU
INFO:root:Cleaned categorical: LMTJOIN3
INFO:root:Cleaned categorical: ARTHDIS2
INFO:root:Cleaned categorical: JOINPAI2
INFO:root:Cleaned categorical: LCSFIRST
INFO:root:Cleaned categorical: LCSLAST
INFO:root:Cleaned categorical: LCSNUMCG
INFO:root:Cleaned categorical: LCSCTSC1
INFO:root:Cleaned categorical: LCSSCNCR
INFO:root:Cleaned categorical: LCSCTWHN
INFO:root:Cleaned categorical: HADMAM
INFO:root:Cleaned categorical: HOWLONG
INFO:root:Cleaned categorical: CERVSCRN
INFO:root:Cleaned categorical: CRVCLCNC
INFO:root:Cleaned categorical: CRVCLPAP
INFO:root:Cleaned categorical: CRVCLHPV
INFO:root:Cleaned categorical: HADHYST2
INFO:root:Cleaned categorical: PSATEST1
INFO:root:Cleaned categorical: PSATIME1
INFO:root:Cleaned categorical: PCPSARS2
INFO:root:Cleaned categorical: PSASUGS1
INFO:root:Cleaned categorical: PCSTALK2
INFO:root:Cleaned categorical: HADSIGM4
INFO:root:Cleaned categorical: COLNSIGM
INFO:root:Cleaned categorical: COLNTES1
INFO:root:Cleaned categorical: SIGMTES1
INFO:root:Cleaned categorical: LASTSIG4
INFO:root:Cleaned categorical: COLNCNCR
INFO:root:Cleaned categorical: VIRCOLO1
INFO:root:Cleaned categorical: VCLNTES2
INFO:root:Cleaned categorical: SMALSTOL
INFO:root:Cleaned categorical: STOLTEST
INFO:root:Cleaned categorical: STOOLDN2
INFO:root:Cleaned categorical: BLDSTFIT
INFO:root:Cleaned categorical: SDNATES1
INFO:root:Cleaned categorical: CNCRDIFF
INFO:root:Cleaned categorical: CNCRAGE
INFO:root:Cleaned categorical: CNCRTYP2
INFO:root:Cleaned categorical: CSRVTRT3
INFO:root:Cleaned categorical: CSRVDOC1
INFO:root:Cleaned categorical: CSRVSUM
INFO:root:Cleaned categorical: CSRVRTRN
INFO:root:Cleaned categorical: CSRVINST
INFO:root:Cleaned categorical: CSRVINSR
INFO:root:Cleaned categorical: CSRVDEIN
INFO:root:Cleaned categorical: CSRVCLIN
INFO:root:Cleaned categorical: CSRVPAIN
INFO:root:Cleaned categorical: CSRVCTL2
INFO:root:Cleaned categorical: INDORTAN
INFO:root:Cleaned categorical: NUMBURN3
INFO:root:Cleaned categorical: SUNPRTCT
INFO:root:Cleaned categorical: WKDAYOUT
INFO:root:Cleaned categorical: WKENDOUT
INFO:root:Cleaned categorical: CIMEMLO1
INFO:root:Cleaned categorical: CDWORRY
INFO:root:Cleaned categorical: CDDISCU1
INFO:root:Cleaned categorical: CDHOUS1
INFO:root:Cleaned categorical: CDSOCIA1
INFO:root:Cleaned categorical: CAREGIV1
INFO:root:Cleaned categorical: CRGVREL4
INFO:root:Cleaned categorical: CRGVLNG1
INFO:root:Cleaned categorical: CRGVHRS1
INFO:root:Cleaned categorical: CRGVPRB3
INFO:root:Cleaned categorical: CRGVALZD
INFO:root:Cleaned categorical: CRGVPER1
INFO:root:Cleaned categorical: CRGVHOU1
INFO:root:Cleaned categorical: CRGVEXPT
INFO:root:Cleaned categorical: LASTSMK2
INFO:root:Cleaned categorical: STOPSMK2
INFO:root:Cleaned categorical: MENTCIGS
INFO:root:Cleaned categorical: MENTECIG
INFO:root:Cleaned categorical: HEATTBCO
INFO:root:Cleaned categorical: FIREARM5
INFO:root:Cleaned categorical: GUNLOAD
INFO:root:Cleaned categorical: LOADULK2
INFO:root:Cleaned categorical: HASYMP1
INFO:root:Cleaned categorical: HASYMP2
INFO:root:Cleaned categorical: HASYMP3
INFO:root:Cleaned categorical: HASYMP4
INFO:root:Cleaned categorical: HASYMP5
INFO:root:Cleaned categorical: HASYMP6
INFO:root:Cleaned categorical: STRSYMP1
INFO:root:Cleaned categorical: STRSYMP2
INFO:root:Cleaned categorical: STRSYMP3
INFO:root:Cleaned categorical: STRSYMP4
INFO:root:Cleaned categorical: STRSYMP5
INFO:root:Cleaned categorical: STRSYMP6
INFO:root:Cleaned categorical: FIRSTAID
INFO:root:Cleaned categorical: ASPIRIN
INFO:root:Cleaned categorical: SOMALE
INFO:root:Cleaned categorical: SOFEMALE
INFO:root:Cleaned categorical: MARIJAN1
INFO:root:Cleaned categorical: MARJSMOK
INFO:root:Cleaned categorical: MARJEAT
INFO:root:Cleaned categorical: MARJVAPE
INFO:root:Cleaned categorical: MARJDAB
INFO:root:Cleaned categorical: MARJOTHR
INFO:root:Cleaned categorical: ACEDEPRS
INFO:root:Cleaned categorical: ACEDRINK
INFO:root:Cleaned categorical: ACEDRUGS
INFO:root:Cleaned categorical: ACEPRISN
INFO:root:Cleaned categorical: ACEDIVRC
INFO:root:Cleaned categorical: ACEPUNCH
INFO:root:Cleaned categorical: ACEHURT1
INFO:root:Cleaned categorical: ACESWEAR
INFO:root:Cleaned categorical: ACETOUCH
INFO:root:Cleaned categorical: ACETTHEM
INFO:root:Cleaned categorical: ACEHVSEX
INFO:root:Cleaned categorical: ACEADSAF
INFO:root:Cleaned categorical: ACEADNED
INFO:root:Cleaned categorical: IMFVPLA4
INFO:root:Cleaned categorical: HPVADVC4
INFO:root:Cleaned categorical: HPVADSHT
INFO:root:Cleaned categorical: TETANUS1
INFO:root:Cleaned categorical: COVIDVA1
INFO:root:Cleaned categorical: COVACGE1
INFO:root:Cleaned categorical: COVIDNU2
INFO:root:Cleaned categorical: LSATISFY
INFO:root:Cleaned categorical: EMTSUPRT
INFO:root:Cleaned categorical: SDLONELY
INFO:root:Cleaned categorical: SDHEMPLY
INFO:root:Cleaned categorical: FOODSTMP
INFO:root:Cleaned categorical: SDHFOOD1
INFO:root:Cleaned categorical: SDHBILLS
INFO:root:Cleaned categorical: SDHUTILS
INFO:root:Cleaned categorical: SDHTRNSP
INFO:root:Cleaned categorical: SDHSTRE1
INFO:root:Cleaned categorical: RRCLASS3
INFO:root:Cleaned categorical: RRCOGNT2
INFO:root:Cleaned categorical: RRTREAT
INFO:root:Cleaned categorical: RRATWRK2
INFO:root:Cleaned categorical: RRHCARE4
INFO:root:Cleaned categorical: RRPHYSM2
INFO:root:Cleaned categorical: RCSRLTN2
INFO:root:Cleaned categorical: CASTHDX2
INFO:root:Cleaned categorical: CASTHNO2
INFO:root:Cleaned categorical: QSTVER
INFO:root:Cleaned categorical: QSTLANG
INFO:root:Cleaned categorical: _METSTAT
INFO:root:Cleaned categorical: _URBSTAT
INFO:root:Cleaned categorical: MSCODE
INFO:root:Cleaned categorical: _STSTR
INFO:root:Cleaned categorical: _STRWT
INFO:root:Cleaned categorical: _RAWRAKE
INFO:root:Cleaned categorical: _WT2RAKE
INFO:root:Cleaned categorical: _IMPRACE
INFO:root:Cleaned categorical: _CHISPNC
INFO:root:Cleaned categorical: _CRACE1
INFO:root:Cleaned categorical: CAGEG
INFO:root:Cleaned categorical: _CLLCPWT
INFO:root:Cleaned categorical: _DUALUSE
INFO:root:Cleaned categorical: _DUALCOR
INFO:root:Cleaned categorical: _LLCPWT2
INFO:root:Cleaned categorical: _LLCPWT
INFO:root:Cleaned categorical: _RFHLTH
INFO:root:Cleaned categorical: _PHYS14D
INFO:root:Cleaned categorical: _MENT14D
INFO:root:Cleaned categorical: _HLTHPL1
INFO:root:Cleaned categorical: _HCVU653
INFO:root:Cleaned categorical: _TOTINDA
INFO:root:Cleaned categorical: METVL12_
INFO:root:Cleaned categorical: METVL22_
INFO:root:Cleaned categorical: MAXVO21_
INFO:root:Cleaned categorical: FC601_
INFO:root:Cleaned categorical: ACTIN13_
INFO:root:Cleaned categorical: ACTIN23_
INFO:root:Cleaned categorical: PADUR1_
INFO:root:Cleaned categorical: PADUR2_
INFO:root:Cleaned categorical: PAFREQ1_
INFO:root:Cleaned categorical: PAFREQ2_
INFO:root:Cleaned categorical: _MINAC12
INFO:root:Cleaned categorical: _MINAC22
INFO:root:Cleaned categorical: STRFREQ_
INFO:root:Cleaned categorical: PAMISS3_
INFO:root:Cleaned categorical: PAMIN13_
INFO:root:Cleaned categorical: PAMIN23_
INFO:root:Cleaned categorical: PA3MIN_
INFO:root:Cleaned categorical: PAVIG13_
INFO:root:Cleaned categorical: PAVIG23_
INFO:root:Cleaned categorical: PA3VIGM_
INFO:root:Cleaned categorical: _PACAT3
INFO:root:Cleaned categorical: _PAINDX3
INFO:root:Cleaned categorical: _PA150R4
INFO:root:Cleaned categorical: _PA300R4
INFO:root:Cleaned categorical: _PA30023
INFO:root:Cleaned categorical: _PASTRNG
INFO:root:Cleaned categorical: _PAREC3
INFO:root:Cleaned categorical: _PASTAE3
INFO:root:Cleaned categorical: _RFHYPE6
INFO:root:Cleaned categorical: _CHOLCH3
INFO:root:Cleaned categorical: _RFCHOL3
INFO:root:Cleaned categorical: _MICHD
INFO:root:Cleaned categorical: _LTASTH1
INFO:root:Cleaned categorical: _CASTHM1
INFO:root:Cleaned categorical: _ASTHMS1
INFO:root:Cleaned categorical: _DRDXAR2
INFO:root:Cleaned categorical: _MRACE1
INFO:root:Cleaned categorical: _HISPANC
INFO:root:Cleaned categorical: _RACE
INFO:root:Cleaned categorical: _RACEG21
INFO:root:Cleaned categorical: _RACEGR3
INFO:root:Cleaned categorical: _RACEPRV
INFO:root:Cleaned categorical: _SEX
INFO:root:Cleaned categorical: _AGEG5YR
INFO:root:Cleaned categorical: _AGE65YR
INFO:root:Cleaned categorical: _AGE80
INFO:root:Cleaned categorical: _AGE_G
INFO:root:Cleaned categorical: HTIN4
INFO:root:Cleaned categorical: HTM4
INFO:root:Cleaned categorical: WTKG3
INFO:root:Cleaned categorical: _BMI5
INFO:root:Cleaned categorical: _BMI5CAT
INFO:root:Cleaned categorical: _RFBMI5
INFO:root:Cleaned categorical: _CHLDCNT
INFO:root:Cleaned categorical: _EDUCAG
INFO:root:Cleaned categorical: _INCOMG1
INFO:root:Cleaned categorical: _SMOKER3
INFO:root:Cleaned categorical: _RFSMOK3
INFO:root:Cleaned categorical: _CURECI2
INFO:root:Cleaned categorical: DRNKANY6
INFO:root:Cleaned categorical: DROCDY4_
INFO:root:Cleaned categorical: _RFBING6
INFO:root:Cleaned categorical: _DRNKWK2
INFO:root:Cleaned categorical: _RFDRHV8
INFO:root:Cleaned categorical: _FLSHOT7
INFO:root:Cleaned categorical: _PNEUMO3
INFO:root:Cleaned categorical: _AIDTST4
INFO:root:Cleaned categorical: _RFSEAT2
INFO:root:Cleaned categorical: _RFSEAT3
INFO:root:Cleaned categorical: _DRNKDRV
INFO:root:Rows after categorical cleaning: 433323
INFO:root:Cleaned boolean: EXERANY2
INFO:root:Cleaned boolean: BPMEDS1
INFO:root:Cleaned boolean: SMOKE100
INFO:root:Cleaned boolean: COVIDPO1
INFO:root:Rows after boolean cleaning: 433323
INFO:root:Cleaned numerical: PHYSHLTH
INFO:root:Cleaned numerical: MENTHLTH
INFO:root:Cleaned numerical: POORHLTH
INFO:root:Cleaned numerical: DIABAGE4
INFO:root:Cleaned numerical: JOINPAI2
INFO:root:Cleaned numerical: LCSFIRST
INFO:root:Cleaned numerical: LCSLAST
INFO:root:Cleaned numerical: LCSNUMCG
INFO:root:Cleaned numerical: MARIJAN1
INFO:root:Rows after numerical cleaning: 433323
INFO:root:Constructed INTERVIEW_DATE
INFO:root:Rows after date cleaning: 433323
INFO:root:Rows with valid _MENTAL_HEALTH_BINARY: 425215
INFO:root:Rows with valid _EXERCISE_BINARY: 432072
INFO:root:Rows after filtering for both binaries: 424150
INFO:root:Saved cleaned data to data/cleaned_llcp2023.csv
